[2024-04-01T12:33:29.476+0000] {processor.py:161} INFO - Started process (PID=189) to work on /opt/airflow/dags/show_module_version.py
[2024-04-01T12:33:29.477+0000] {processor.py:830} INFO - Processing file /opt/airflow/dags/show_module_version.py for tasks to queue
[2024-04-01T12:33:29.489+0000] {logging_mixin.py:188} INFO - [2024-04-01T12:33:29.487+0000] {dagbag.py:540} INFO - Filling up the DagBag from /opt/airflow/dags/show_module_version.py
[2024-04-01T12:33:29.546+0000] {processor.py:840} INFO - DAG(s) 'show_module_version' retrieved from /opt/airflow/dags/show_module_version.py
[2024-04-01T12:33:29.748+0000] {logging_mixin.py:188} INFO - [2024-04-01T12:33:29.748+0000] {override.py:1769} INFO - Created Permission View: can delete on DAG:show_module_version
[2024-04-01T12:33:29.754+0000] {logging_mixin.py:188} INFO - [2024-04-01T12:33:29.753+0000] {override.py:1769} INFO - Created Permission View: can read on DAG:show_module_version
[2024-04-01T12:33:29.757+0000] {logging_mixin.py:188} INFO - [2024-04-01T12:33:29.757+0000] {override.py:1769} INFO - Created Permission View: can edit on DAG:show_module_version
[2024-04-01T12:33:29.757+0000] {logging_mixin.py:188} INFO - [2024-04-01T12:33:29.757+0000] {dag.py:3047} INFO - Sync 1 DAGs
[2024-04-01T12:33:29.767+0000] {logging_mixin.py:188} INFO - [2024-04-01T12:33:29.767+0000] {dag.py:3069} INFO - Creating ORM DAG for show_module_version
[2024-04-01T12:33:29.767+0000] {logging_mixin.py:188} INFO - [2024-04-01T12:33:29.767+0000] {dag.py:3834} INFO - Setting next_dagrun for show_module_version to None, run_after=None
[2024-04-01T12:33:29.778+0000] {processor.py:183} INFO - Processing /opt/airflow/dags/show_module_version.py took 0.307 seconds
[2024-04-01T12:33:59.953+0000] {processor.py:161} INFO - Started process (PID=198) to work on /opt/airflow/dags/show_module_version.py
[2024-04-01T12:33:59.955+0000] {processor.py:830} INFO - Processing file /opt/airflow/dags/show_module_version.py for tasks to queue
[2024-04-01T12:33:59.959+0000] {logging_mixin.py:188} INFO - [2024-04-01T12:33:59.958+0000] {dagbag.py:540} INFO - Filling up the DagBag from /opt/airflow/dags/show_module_version.py
[2024-04-01T12:34:00.029+0000] {processor.py:840} INFO - DAG(s) 'show_module_version' retrieved from /opt/airflow/dags/show_module_version.py
[2024-04-01T12:34:00.062+0000] {logging_mixin.py:188} INFO - [2024-04-01T12:34:00.062+0000] {dag.py:3047} INFO - Sync 1 DAGs
[2024-04-01T12:34:00.074+0000] {logging_mixin.py:188} INFO - [2024-04-01T12:34:00.073+0000] {dag.py:3834} INFO - Setting next_dagrun for show_module_version to None, run_after=None
[2024-04-01T12:34:00.099+0000] {processor.py:183} INFO - Processing /opt/airflow/dags/show_module_version.py took 0.151 seconds
[2024-04-01T12:34:30.367+0000] {processor.py:161} INFO - Started process (PID=207) to work on /opt/airflow/dags/show_module_version.py
[2024-04-01T12:34:30.370+0000] {processor.py:830} INFO - Processing file /opt/airflow/dags/show_module_version.py for tasks to queue
[2024-04-01T12:34:30.373+0000] {logging_mixin.py:188} INFO - [2024-04-01T12:34:30.373+0000] {dagbag.py:540} INFO - Filling up the DagBag from /opt/airflow/dags/show_module_version.py
[2024-04-01T12:34:30.419+0000] {processor.py:840} INFO - DAG(s) 'show_module_version' retrieved from /opt/airflow/dags/show_module_version.py
[2024-04-01T12:34:30.441+0000] {logging_mixin.py:188} INFO - [2024-04-01T12:34:30.441+0000] {dag.py:3047} INFO - Sync 1 DAGs
[2024-04-01T12:34:30.450+0000] {logging_mixin.py:188} INFO - [2024-04-01T12:34:30.450+0000] {dag.py:3834} INFO - Setting next_dagrun for show_module_version to None, run_after=None
[2024-04-01T12:34:30.464+0000] {processor.py:183} INFO - Processing /opt/airflow/dags/show_module_version.py took 0.102 seconds
[2024-04-01T12:35:00.934+0000] {processor.py:161} INFO - Started process (PID=216) to work on /opt/airflow/dags/show_module_version.py
[2024-04-01T12:35:00.937+0000] {processor.py:830} INFO - Processing file /opt/airflow/dags/show_module_version.py for tasks to queue
[2024-04-01T12:35:00.941+0000] {logging_mixin.py:188} INFO - [2024-04-01T12:35:00.941+0000] {dagbag.py:540} INFO - Filling up the DagBag from /opt/airflow/dags/show_module_version.py
[2024-04-01T12:35:01.036+0000] {processor.py:840} INFO - DAG(s) 'show_module_version' retrieved from /opt/airflow/dags/show_module_version.py
[2024-04-01T12:35:01.073+0000] {logging_mixin.py:188} INFO - [2024-04-01T12:35:01.073+0000] {dag.py:3047} INFO - Sync 1 DAGs
[2024-04-01T12:35:01.086+0000] {logging_mixin.py:188} INFO - [2024-04-01T12:35:01.086+0000] {dag.py:3834} INFO - Setting next_dagrun for show_module_version to None, run_after=None
[2024-04-01T12:35:01.097+0000] {processor.py:183} INFO - Processing /opt/airflow/dags/show_module_version.py took 0.200 seconds
[2024-04-01T12:35:31.558+0000] {processor.py:161} INFO - Started process (PID=225) to work on /opt/airflow/dags/show_module_version.py
[2024-04-01T12:35:31.560+0000] {processor.py:830} INFO - Processing file /opt/airflow/dags/show_module_version.py for tasks to queue
[2024-04-01T12:35:31.564+0000] {logging_mixin.py:188} INFO - [2024-04-01T12:35:31.564+0000] {dagbag.py:540} INFO - Filling up the DagBag from /opt/airflow/dags/show_module_version.py
[2024-04-01T12:35:31.623+0000] {processor.py:840} INFO - DAG(s) 'show_module_version' retrieved from /opt/airflow/dags/show_module_version.py
[2024-04-01T12:35:31.679+0000] {logging_mixin.py:188} INFO - [2024-04-01T12:35:31.679+0000] {dag.py:3047} INFO - Sync 1 DAGs
[2024-04-01T12:35:31.690+0000] {logging_mixin.py:188} INFO - [2024-04-01T12:35:31.690+0000] {dag.py:3834} INFO - Setting next_dagrun for show_module_version to None, run_after=None
[2024-04-01T12:35:31.700+0000] {processor.py:183} INFO - Processing /opt/airflow/dags/show_module_version.py took 0.148 seconds
[2024-04-01T12:36:02.351+0000] {processor.py:161} INFO - Started process (PID=234) to work on /opt/airflow/dags/show_module_version.py
[2024-04-01T12:36:02.353+0000] {processor.py:830} INFO - Processing file /opt/airflow/dags/show_module_version.py for tasks to queue
[2024-04-01T12:36:02.357+0000] {logging_mixin.py:188} INFO - [2024-04-01T12:36:02.357+0000] {dagbag.py:540} INFO - Filling up the DagBag from /opt/airflow/dags/show_module_version.py
[2024-04-01T12:36:02.412+0000] {processor.py:840} INFO - DAG(s) 'show_module_version' retrieved from /opt/airflow/dags/show_module_version.py
[2024-04-01T12:36:02.442+0000] {logging_mixin.py:188} INFO - [2024-04-01T12:36:02.442+0000] {dag.py:3047} INFO - Sync 1 DAGs
[2024-04-01T12:36:02.452+0000] {logging_mixin.py:188} INFO - [2024-04-01T12:36:02.452+0000] {dag.py:3834} INFO - Setting next_dagrun for show_module_version to None, run_after=None
[2024-04-01T12:36:02.462+0000] {processor.py:183} INFO - Processing /opt/airflow/dags/show_module_version.py took 0.117 seconds
[2024-04-01T12:36:33.007+0000] {processor.py:161} INFO - Started process (PID=243) to work on /opt/airflow/dags/show_module_version.py
[2024-04-01T12:36:33.009+0000] {processor.py:830} INFO - Processing file /opt/airflow/dags/show_module_version.py for tasks to queue
[2024-04-01T12:36:33.013+0000] {logging_mixin.py:188} INFO - [2024-04-01T12:36:33.013+0000] {dagbag.py:540} INFO - Filling up the DagBag from /opt/airflow/dags/show_module_version.py
[2024-04-01T12:36:33.080+0000] {processor.py:840} INFO - DAG(s) 'show_module_version' retrieved from /opt/airflow/dags/show_module_version.py
[2024-04-01T12:36:33.102+0000] {logging_mixin.py:188} INFO - [2024-04-01T12:36:33.101+0000] {dag.py:3047} INFO - Sync 1 DAGs
[2024-04-01T12:36:33.110+0000] {logging_mixin.py:188} INFO - [2024-04-01T12:36:33.109+0000] {dag.py:3834} INFO - Setting next_dagrun for show_module_version to None, run_after=None
[2024-04-01T12:36:33.118+0000] {processor.py:183} INFO - Processing /opt/airflow/dags/show_module_version.py took 0.117 seconds
[2024-04-01T12:36:47.603+0000] {processor.py:161} INFO - Started process (PID=252) to work on /opt/airflow/dags/show_module_version.py
[2024-04-01T12:36:47.607+0000] {processor.py:830} INFO - Processing file /opt/airflow/dags/show_module_version.py for tasks to queue
[2024-04-01T12:36:47.612+0000] {logging_mixin.py:188} INFO - [2024-04-01T12:36:47.611+0000] {dagbag.py:540} INFO - Filling up the DagBag from /opt/airflow/dags/show_module_version.py
[2024-04-01T12:36:47.637+0000] {processor.py:840} INFO - DAG(s) 'show_module_version' retrieved from /opt/airflow/dags/show_module_version.py
[2024-04-01T12:36:47.681+0000] {logging_mixin.py:188} INFO - [2024-04-01T12:36:47.681+0000] {dag.py:3047} INFO - Sync 1 DAGs
[2024-04-01T12:36:47.693+0000] {logging_mixin.py:188} INFO - [2024-04-01T12:36:47.693+0000] {dag.py:3834} INFO - Setting next_dagrun for show_module_version to None, run_after=None
[2024-04-01T12:36:47.705+0000] {processor.py:183} INFO - Processing /opt/airflow/dags/show_module_version.py took 0.119 seconds
[2024-04-01T12:37:18.294+0000] {processor.py:161} INFO - Started process (PID=261) to work on /opt/airflow/dags/show_module_version.py
[2024-04-01T12:37:18.295+0000] {processor.py:830} INFO - Processing file /opt/airflow/dags/show_module_version.py for tasks to queue
[2024-04-01T12:37:18.301+0000] {logging_mixin.py:188} INFO - [2024-04-01T12:37:18.301+0000] {dagbag.py:540} INFO - Filling up the DagBag from /opt/airflow/dags/show_module_version.py
[2024-04-01T12:37:18.326+0000] {processor.py:840} INFO - DAG(s) 'show_module_version' retrieved from /opt/airflow/dags/show_module_version.py
[2024-04-01T12:37:18.366+0000] {logging_mixin.py:188} INFO - [2024-04-01T12:37:18.366+0000] {dag.py:3047} INFO - Sync 1 DAGs
[2024-04-01T12:37:18.377+0000] {logging_mixin.py:188} INFO - [2024-04-01T12:37:18.377+0000] {dag.py:3834} INFO - Setting next_dagrun for show_module_version to None, run_after=None
[2024-04-01T12:37:18.386+0000] {processor.py:183} INFO - Processing /opt/airflow/dags/show_module_version.py took 0.099 seconds
[2024-04-01T12:37:48.932+0000] {processor.py:161} INFO - Started process (PID=269) to work on /opt/airflow/dags/show_module_version.py
[2024-04-01T12:37:48.933+0000] {processor.py:830} INFO - Processing file /opt/airflow/dags/show_module_version.py for tasks to queue
[2024-04-01T12:37:48.936+0000] {logging_mixin.py:188} INFO - [2024-04-01T12:37:48.935+0000] {dagbag.py:540} INFO - Filling up the DagBag from /opt/airflow/dags/show_module_version.py
[2024-04-01T12:37:48.953+0000] {processor.py:840} INFO - DAG(s) 'show_module_version' retrieved from /opt/airflow/dags/show_module_version.py
[2024-04-01T12:37:48.999+0000] {logging_mixin.py:188} INFO - [2024-04-01T12:37:48.999+0000] {dag.py:3047} INFO - Sync 1 DAGs
[2024-04-01T12:37:49.010+0000] {logging_mixin.py:188} INFO - [2024-04-01T12:37:49.010+0000] {dag.py:3834} INFO - Setting next_dagrun for show_module_version to None, run_after=None
[2024-04-01T12:37:49.020+0000] {processor.py:183} INFO - Processing /opt/airflow/dags/show_module_version.py took 0.094 seconds
[2024-04-01T12:38:19.583+0000] {processor.py:161} INFO - Started process (PID=278) to work on /opt/airflow/dags/show_module_version.py
[2024-04-01T12:38:19.584+0000] {processor.py:830} INFO - Processing file /opt/airflow/dags/show_module_version.py for tasks to queue
[2024-04-01T12:38:19.593+0000] {logging_mixin.py:188} INFO - [2024-04-01T12:38:19.592+0000] {dagbag.py:540} INFO - Filling up the DagBag from /opt/airflow/dags/show_module_version.py
[2024-04-01T12:38:19.615+0000] {processor.py:840} INFO - DAG(s) 'show_module_version' retrieved from /opt/airflow/dags/show_module_version.py
[2024-04-01T12:38:19.645+0000] {logging_mixin.py:188} INFO - [2024-04-01T12:38:19.645+0000] {dag.py:3047} INFO - Sync 1 DAGs
[2024-04-01T12:38:19.667+0000] {logging_mixin.py:188} INFO - [2024-04-01T12:38:19.667+0000] {dag.py:3834} INFO - Setting next_dagrun for show_module_version to None, run_after=None
[2024-04-01T12:38:19.680+0000] {processor.py:183} INFO - Processing /opt/airflow/dags/show_module_version.py took 0.102 seconds
[2024-04-01T12:38:50.363+0000] {processor.py:161} INFO - Started process (PID=287) to work on /opt/airflow/dags/show_module_version.py
[2024-04-01T12:38:50.365+0000] {processor.py:830} INFO - Processing file /opt/airflow/dags/show_module_version.py for tasks to queue
[2024-04-01T12:38:50.369+0000] {logging_mixin.py:188} INFO - [2024-04-01T12:38:50.368+0000] {dagbag.py:540} INFO - Filling up the DagBag from /opt/airflow/dags/show_module_version.py
[2024-04-01T12:38:50.384+0000] {processor.py:840} INFO - DAG(s) 'show_module_version' retrieved from /opt/airflow/dags/show_module_version.py
[2024-04-01T12:38:50.424+0000] {logging_mixin.py:188} INFO - [2024-04-01T12:38:50.424+0000] {dag.py:3047} INFO - Sync 1 DAGs
[2024-04-01T12:38:50.433+0000] {logging_mixin.py:188} INFO - [2024-04-01T12:38:50.433+0000] {dag.py:3834} INFO - Setting next_dagrun for show_module_version to None, run_after=None
[2024-04-01T12:38:50.442+0000] {processor.py:183} INFO - Processing /opt/airflow/dags/show_module_version.py took 0.086 seconds
[2024-04-01T12:39:20.963+0000] {processor.py:161} INFO - Started process (PID=296) to work on /opt/airflow/dags/show_module_version.py
[2024-04-01T12:39:20.964+0000] {processor.py:830} INFO - Processing file /opt/airflow/dags/show_module_version.py for tasks to queue
[2024-04-01T12:39:20.970+0000] {logging_mixin.py:188} INFO - [2024-04-01T12:39:20.969+0000] {dagbag.py:540} INFO - Filling up the DagBag from /opt/airflow/dags/show_module_version.py
[2024-04-01T12:39:20.984+0000] {processor.py:840} INFO - DAG(s) 'show_module_version' retrieved from /opt/airflow/dags/show_module_version.py
[2024-04-01T12:39:21.030+0000] {logging_mixin.py:188} INFO - [2024-04-01T12:39:21.030+0000] {dag.py:3047} INFO - Sync 1 DAGs
[2024-04-01T12:39:21.042+0000] {logging_mixin.py:188} INFO - [2024-04-01T12:39:21.041+0000] {dag.py:3834} INFO - Setting next_dagrun for show_module_version to None, run_after=None
[2024-04-01T12:39:21.056+0000] {processor.py:183} INFO - Processing /opt/airflow/dags/show_module_version.py took 0.101 seconds
[2024-04-01T12:39:51.632+0000] {processor.py:161} INFO - Started process (PID=305) to work on /opt/airflow/dags/show_module_version.py
[2024-04-01T12:39:51.633+0000] {processor.py:830} INFO - Processing file /opt/airflow/dags/show_module_version.py for tasks to queue
[2024-04-01T12:39:51.638+0000] {logging_mixin.py:188} INFO - [2024-04-01T12:39:51.637+0000] {dagbag.py:540} INFO - Filling up the DagBag from /opt/airflow/dags/show_module_version.py
[2024-04-01T12:39:51.651+0000] {processor.py:840} INFO - DAG(s) 'show_module_version' retrieved from /opt/airflow/dags/show_module_version.py
[2024-04-01T12:39:51.699+0000] {logging_mixin.py:188} INFO - [2024-04-01T12:39:51.699+0000] {dag.py:3047} INFO - Sync 1 DAGs
[2024-04-01T12:39:51.710+0000] {logging_mixin.py:188} INFO - [2024-04-01T12:39:51.710+0000] {dag.py:3834} INFO - Setting next_dagrun for show_module_version to None, run_after=None
[2024-04-01T12:39:51.720+0000] {processor.py:183} INFO - Processing /opt/airflow/dags/show_module_version.py took 0.096 seconds
[2024-04-01T12:40:22.443+0000] {processor.py:161} INFO - Started process (PID=315) to work on /opt/airflow/dags/show_module_version.py
[2024-04-01T12:40:22.446+0000] {processor.py:830} INFO - Processing file /opt/airflow/dags/show_module_version.py for tasks to queue
[2024-04-01T12:40:22.450+0000] {logging_mixin.py:188} INFO - [2024-04-01T12:40:22.450+0000] {dagbag.py:540} INFO - Filling up the DagBag from /opt/airflow/dags/show_module_version.py
[2024-04-01T12:40:22.464+0000] {processor.py:840} INFO - DAG(s) 'show_module_version' retrieved from /opt/airflow/dags/show_module_version.py
[2024-04-01T12:40:22.513+0000] {logging_mixin.py:188} INFO - [2024-04-01T12:40:22.513+0000] {dag.py:3047} INFO - Sync 1 DAGs
[2024-04-01T12:40:22.525+0000] {logging_mixin.py:188} INFO - [2024-04-01T12:40:22.525+0000] {dag.py:3834} INFO - Setting next_dagrun for show_module_version to None, run_after=None
[2024-04-01T12:40:22.535+0000] {processor.py:183} INFO - Processing /opt/airflow/dags/show_module_version.py took 0.100 seconds
[2024-04-01T12:40:52.972+0000] {processor.py:161} INFO - Started process (PID=324) to work on /opt/airflow/dags/show_module_version.py
[2024-04-01T12:40:52.973+0000] {processor.py:830} INFO - Processing file /opt/airflow/dags/show_module_version.py for tasks to queue
[2024-04-01T12:40:52.976+0000] {logging_mixin.py:188} INFO - [2024-04-01T12:40:52.975+0000] {dagbag.py:540} INFO - Filling up the DagBag from /opt/airflow/dags/show_module_version.py
[2024-04-01T12:40:52.985+0000] {processor.py:840} INFO - DAG(s) 'show_module_version' retrieved from /opt/airflow/dags/show_module_version.py
[2024-04-01T12:40:53.007+0000] {logging_mixin.py:188} INFO - [2024-04-01T12:40:53.007+0000] {dag.py:3047} INFO - Sync 1 DAGs
[2024-04-01T12:40:53.021+0000] {logging_mixin.py:188} INFO - [2024-04-01T12:40:53.021+0000] {dag.py:3834} INFO - Setting next_dagrun for show_module_version to None, run_after=None
[2024-04-01T12:40:53.030+0000] {processor.py:183} INFO - Processing /opt/airflow/dags/show_module_version.py took 0.065 seconds
[2024-04-01T12:41:23.550+0000] {processor.py:161} INFO - Started process (PID=333) to work on /opt/airflow/dags/show_module_version.py
[2024-04-01T12:41:23.552+0000] {processor.py:830} INFO - Processing file /opt/airflow/dags/show_module_version.py for tasks to queue
[2024-04-01T12:41:23.553+0000] {logging_mixin.py:188} INFO - [2024-04-01T12:41:23.553+0000] {dagbag.py:540} INFO - Filling up the DagBag from /opt/airflow/dags/show_module_version.py
[2024-04-01T12:41:23.562+0000] {processor.py:840} INFO - DAG(s) 'show_module_version' retrieved from /opt/airflow/dags/show_module_version.py
[2024-04-01T12:41:23.583+0000] {logging_mixin.py:188} INFO - [2024-04-01T12:41:23.583+0000] {dag.py:3047} INFO - Sync 1 DAGs
[2024-04-01T12:41:23.598+0000] {logging_mixin.py:188} INFO - [2024-04-01T12:41:23.598+0000] {dag.py:3834} INFO - Setting next_dagrun for show_module_version to None, run_after=None
[2024-04-01T12:41:23.607+0000] {processor.py:183} INFO - Processing /opt/airflow/dags/show_module_version.py took 0.061 seconds
[2024-04-01T12:41:53.870+0000] {processor.py:161} INFO - Started process (PID=342) to work on /opt/airflow/dags/show_module_version.py
[2024-04-01T12:41:53.872+0000] {processor.py:830} INFO - Processing file /opt/airflow/dags/show_module_version.py for tasks to queue
[2024-04-01T12:41:53.875+0000] {logging_mixin.py:188} INFO - [2024-04-01T12:41:53.875+0000] {dagbag.py:540} INFO - Filling up the DagBag from /opt/airflow/dags/show_module_version.py
[2024-04-01T12:41:53.907+0000] {processor.py:840} INFO - DAG(s) 'show_module_version' retrieved from /opt/airflow/dags/show_module_version.py
[2024-04-01T12:41:53.961+0000] {logging_mixin.py:188} INFO - [2024-04-01T12:41:53.961+0000] {dag.py:3047} INFO - Sync 1 DAGs
[2024-04-01T12:41:53.973+0000] {logging_mixin.py:188} INFO - [2024-04-01T12:41:53.973+0000] {dag.py:3834} INFO - Setting next_dagrun for show_module_version to None, run_after=None
[2024-04-01T12:41:53.984+0000] {processor.py:183} INFO - Processing /opt/airflow/dags/show_module_version.py took 0.122 seconds
[2024-04-01T12:42:24.418+0000] {processor.py:161} INFO - Started process (PID=351) to work on /opt/airflow/dags/show_module_version.py
[2024-04-01T12:42:24.421+0000] {processor.py:830} INFO - Processing file /opt/airflow/dags/show_module_version.py for tasks to queue
[2024-04-01T12:42:24.424+0000] {logging_mixin.py:188} INFO - [2024-04-01T12:42:24.423+0000] {dagbag.py:540} INFO - Filling up the DagBag from /opt/airflow/dags/show_module_version.py
[2024-04-01T12:42:24.435+0000] {processor.py:840} INFO - DAG(s) 'show_module_version' retrieved from /opt/airflow/dags/show_module_version.py
[2024-04-01T12:42:24.473+0000] {logging_mixin.py:188} INFO - [2024-04-01T12:42:24.473+0000] {dag.py:3047} INFO - Sync 1 DAGs
[2024-04-01T12:42:24.480+0000] {logging_mixin.py:188} INFO - [2024-04-01T12:42:24.480+0000] {dag.py:3834} INFO - Setting next_dagrun for show_module_version to None, run_after=None
[2024-04-01T12:42:24.488+0000] {processor.py:183} INFO - Processing /opt/airflow/dags/show_module_version.py took 0.075 seconds
[2024-04-01T12:42:55.127+0000] {processor.py:161} INFO - Started process (PID=360) to work on /opt/airflow/dags/show_module_version.py
[2024-04-01T12:42:55.128+0000] {processor.py:830} INFO - Processing file /opt/airflow/dags/show_module_version.py for tasks to queue
[2024-04-01T12:42:55.132+0000] {logging_mixin.py:188} INFO - [2024-04-01T12:42:55.131+0000] {dagbag.py:540} INFO - Filling up the DagBag from /opt/airflow/dags/show_module_version.py
[2024-04-01T12:42:55.159+0000] {processor.py:840} INFO - DAG(s) 'show_module_version' retrieved from /opt/airflow/dags/show_module_version.py
[2024-04-01T12:42:55.186+0000] {logging_mixin.py:188} INFO - [2024-04-01T12:42:55.186+0000] {dag.py:3047} INFO - Sync 1 DAGs
[2024-04-01T12:42:55.198+0000] {logging_mixin.py:188} INFO - [2024-04-01T12:42:55.198+0000] {dag.py:3834} INFO - Setting next_dagrun for show_module_version to None, run_after=None
[2024-04-01T12:42:55.208+0000] {processor.py:183} INFO - Processing /opt/airflow/dags/show_module_version.py took 0.089 seconds
[2024-04-01T12:43:25.817+0000] {processor.py:161} INFO - Started process (PID=369) to work on /opt/airflow/dags/show_module_version.py
[2024-04-01T12:43:25.819+0000] {processor.py:830} INFO - Processing file /opt/airflow/dags/show_module_version.py for tasks to queue
[2024-04-01T12:43:25.823+0000] {logging_mixin.py:188} INFO - [2024-04-01T12:43:25.823+0000] {dagbag.py:540} INFO - Filling up the DagBag from /opt/airflow/dags/show_module_version.py
[2024-04-01T12:43:25.834+0000] {processor.py:840} INFO - DAG(s) 'show_module_version' retrieved from /opt/airflow/dags/show_module_version.py
[2024-04-01T12:43:25.861+0000] {logging_mixin.py:188} INFO - [2024-04-01T12:43:25.860+0000] {dag.py:3047} INFO - Sync 1 DAGs
[2024-04-01T12:43:25.887+0000] {logging_mixin.py:188} INFO - [2024-04-01T12:43:25.887+0000] {dag.py:3834} INFO - Setting next_dagrun for show_module_version to None, run_after=None
[2024-04-01T12:43:25.939+0000] {processor.py:183} INFO - Processing /opt/airflow/dags/show_module_version.py took 0.139 seconds
[2024-04-01T12:43:56.518+0000] {processor.py:161} INFO - Started process (PID=378) to work on /opt/airflow/dags/show_module_version.py
[2024-04-01T12:43:56.529+0000] {processor.py:830} INFO - Processing file /opt/airflow/dags/show_module_version.py for tasks to queue
[2024-04-01T12:43:56.554+0000] {logging_mixin.py:188} INFO - [2024-04-01T12:43:56.552+0000] {dagbag.py:540} INFO - Filling up the DagBag from /opt/airflow/dags/show_module_version.py
[2024-04-01T12:43:56.574+0000] {processor.py:840} INFO - DAG(s) 'show_module_version' retrieved from /opt/airflow/dags/show_module_version.py
[2024-04-01T12:43:56.634+0000] {logging_mixin.py:188} INFO - [2024-04-01T12:43:56.633+0000] {dag.py:3047} INFO - Sync 1 DAGs
[2024-04-01T12:43:56.663+0000] {logging_mixin.py:188} INFO - [2024-04-01T12:43:56.663+0000] {dag.py:3834} INFO - Setting next_dagrun for show_module_version to None, run_after=None
[2024-04-01T12:43:56.675+0000] {processor.py:183} INFO - Processing /opt/airflow/dags/show_module_version.py took 0.170 seconds
[2024-04-01T12:44:27.279+0000] {processor.py:161} INFO - Started process (PID=387) to work on /opt/airflow/dags/show_module_version.py
[2024-04-01T12:44:27.281+0000] {processor.py:830} INFO - Processing file /opt/airflow/dags/show_module_version.py for tasks to queue
[2024-04-01T12:44:27.282+0000] {logging_mixin.py:188} INFO - [2024-04-01T12:44:27.282+0000] {dagbag.py:540} INFO - Filling up the DagBag from /opt/airflow/dags/show_module_version.py
[2024-04-01T12:44:27.350+0000] {processor.py:840} INFO - DAG(s) 'show_module_version' retrieved from /opt/airflow/dags/show_module_version.py
[2024-04-01T12:44:27.372+0000] {logging_mixin.py:188} INFO - [2024-04-01T12:44:27.372+0000] {dag.py:3047} INFO - Sync 1 DAGs
[2024-04-01T12:44:27.423+0000] {logging_mixin.py:188} INFO - [2024-04-01T12:44:27.423+0000] {dag.py:3834} INFO - Setting next_dagrun for show_module_version to None, run_after=None
[2024-04-01T12:44:27.447+0000] {processor.py:183} INFO - Processing /opt/airflow/dags/show_module_version.py took 0.171 seconds
[2024-04-01T12:45:55.643+0000] {processor.py:161} INFO - Started process (PID=35) to work on /opt/airflow/dags/show_module_version.py
[2024-04-01T12:45:55.644+0000] {processor.py:830} INFO - Processing file /opt/airflow/dags/show_module_version.py for tasks to queue
[2024-04-01T12:45:55.648+0000] {logging_mixin.py:188} INFO - [2024-04-01T12:45:55.647+0000] {dagbag.py:540} INFO - Filling up the DagBag from /opt/airflow/dags/show_module_version.py
[2024-04-01T12:45:55.694+0000] {processor.py:840} INFO - DAG(s) 'show_module_version' retrieved from /opt/airflow/dags/show_module_version.py
[2024-04-01T12:45:56.091+0000] {logging_mixin.py:188} INFO - [2024-04-01T12:45:56.091+0000] {dag.py:3047} INFO - Sync 1 DAGs
[2024-04-01T12:45:56.108+0000] {logging_mixin.py:188} INFO - [2024-04-01T12:45:56.108+0000] {dag.py:3834} INFO - Setting next_dagrun for show_module_version to None, run_after=None
[2024-04-01T12:45:56.199+0000] {processor.py:183} INFO - Processing /opt/airflow/dags/show_module_version.py took 0.560 seconds
[2024-04-01T12:46:26.709+0000] {processor.py:161} INFO - Started process (PID=47) to work on /opt/airflow/dags/show_module_version.py
[2024-04-01T12:46:26.710+0000] {processor.py:830} INFO - Processing file /opt/airflow/dags/show_module_version.py for tasks to queue
[2024-04-01T12:46:26.712+0000] {logging_mixin.py:188} INFO - [2024-04-01T12:46:26.712+0000] {dagbag.py:540} INFO - Filling up the DagBag from /opt/airflow/dags/show_module_version.py
[2024-04-01T12:46:26.724+0000] {processor.py:840} INFO - DAG(s) 'show_module_version' retrieved from /opt/airflow/dags/show_module_version.py
[2024-04-01T12:46:26.761+0000] {logging_mixin.py:188} INFO - [2024-04-01T12:46:26.761+0000] {dag.py:3047} INFO - Sync 1 DAGs
[2024-04-01T12:46:26.769+0000] {logging_mixin.py:188} INFO - [2024-04-01T12:46:26.769+0000] {dag.py:3834} INFO - Setting next_dagrun for show_module_version to None, run_after=None
[2024-04-01T12:46:26.782+0000] {processor.py:183} INFO - Processing /opt/airflow/dags/show_module_version.py took 0.077 seconds
[2024-04-01T12:46:57.179+0000] {processor.py:161} INFO - Started process (PID=56) to work on /opt/airflow/dags/show_module_version.py
[2024-04-01T12:46:57.181+0000] {processor.py:830} INFO - Processing file /opt/airflow/dags/show_module_version.py for tasks to queue
[2024-04-01T12:46:57.186+0000] {logging_mixin.py:188} INFO - [2024-04-01T12:46:57.186+0000] {dagbag.py:540} INFO - Filling up the DagBag from /opt/airflow/dags/show_module_version.py
[2024-04-01T12:46:57.196+0000] {processor.py:840} INFO - DAG(s) 'show_module_version' retrieved from /opt/airflow/dags/show_module_version.py
[2024-04-01T12:46:57.220+0000] {logging_mixin.py:188} INFO - [2024-04-01T12:46:57.220+0000] {dag.py:3047} INFO - Sync 1 DAGs
[2024-04-01T12:46:57.238+0000] {logging_mixin.py:188} INFO - [2024-04-01T12:46:57.237+0000] {dag.py:3834} INFO - Setting next_dagrun for show_module_version to None, run_after=None
[2024-04-01T12:46:57.247+0000] {processor.py:183} INFO - Processing /opt/airflow/dags/show_module_version.py took 0.078 seconds
[2024-04-01T12:47:27.603+0000] {processor.py:161} INFO - Started process (PID=65) to work on /opt/airflow/dags/show_module_version.py
[2024-04-01T12:47:27.604+0000] {processor.py:830} INFO - Processing file /opt/airflow/dags/show_module_version.py for tasks to queue
[2024-04-01T12:47:27.607+0000] {logging_mixin.py:188} INFO - [2024-04-01T12:47:27.606+0000] {dagbag.py:540} INFO - Filling up the DagBag from /opt/airflow/dags/show_module_version.py
[2024-04-01T12:47:27.617+0000] {processor.py:840} INFO - DAG(s) 'show_module_version' retrieved from /opt/airflow/dags/show_module_version.py
[2024-04-01T12:47:27.655+0000] {logging_mixin.py:188} INFO - [2024-04-01T12:47:27.655+0000] {dag.py:3047} INFO - Sync 1 DAGs
[2024-04-01T12:47:27.664+0000] {logging_mixin.py:188} INFO - [2024-04-01T12:47:27.664+0000] {dag.py:3834} INFO - Setting next_dagrun for show_module_version to None, run_after=None
[2024-04-01T12:47:27.674+0000] {processor.py:183} INFO - Processing /opt/airflow/dags/show_module_version.py took 0.073 seconds
[2024-04-01T12:47:58.063+0000] {processor.py:161} INFO - Started process (PID=74) to work on /opt/airflow/dags/show_module_version.py
[2024-04-01T12:47:58.064+0000] {processor.py:830} INFO - Processing file /opt/airflow/dags/show_module_version.py for tasks to queue
[2024-04-01T12:47:58.066+0000] {logging_mixin.py:188} INFO - [2024-04-01T12:47:58.066+0000] {dagbag.py:540} INFO - Filling up the DagBag from /opt/airflow/dags/show_module_version.py
[2024-04-01T12:47:58.075+0000] {processor.py:840} INFO - DAG(s) 'show_module_version' retrieved from /opt/airflow/dags/show_module_version.py
[2024-04-01T12:47:58.099+0000] {logging_mixin.py:188} INFO - [2024-04-01T12:47:58.099+0000] {dag.py:3047} INFO - Sync 1 DAGs
[2024-04-01T12:47:58.108+0000] {logging_mixin.py:188} INFO - [2024-04-01T12:47:58.108+0000] {dag.py:3834} INFO - Setting next_dagrun for show_module_version to None, run_after=None
[2024-04-01T12:47:58.118+0000] {processor.py:183} INFO - Processing /opt/airflow/dags/show_module_version.py took 0.058 seconds
[2024-04-01T12:48:28.553+0000] {processor.py:161} INFO - Started process (PID=83) to work on /opt/airflow/dags/show_module_version.py
[2024-04-01T12:48:28.554+0000] {processor.py:830} INFO - Processing file /opt/airflow/dags/show_module_version.py for tasks to queue
[2024-04-01T12:48:28.556+0000] {logging_mixin.py:188} INFO - [2024-04-01T12:48:28.556+0000] {dagbag.py:540} INFO - Filling up the DagBag from /opt/airflow/dags/show_module_version.py
[2024-04-01T12:48:28.568+0000] {processor.py:840} INFO - DAG(s) 'show_module_version' retrieved from /opt/airflow/dags/show_module_version.py
[2024-04-01T12:48:28.593+0000] {logging_mixin.py:188} INFO - [2024-04-01T12:48:28.593+0000] {dag.py:3047} INFO - Sync 1 DAGs
[2024-04-01T12:48:28.601+0000] {logging_mixin.py:188} INFO - [2024-04-01T12:48:28.601+0000] {dag.py:3834} INFO - Setting next_dagrun for show_module_version to None, run_after=None
[2024-04-01T12:48:28.610+0000] {processor.py:183} INFO - Processing /opt/airflow/dags/show_module_version.py took 0.063 seconds
[2024-04-01T12:48:59.028+0000] {processor.py:161} INFO - Started process (PID=92) to work on /opt/airflow/dags/show_module_version.py
[2024-04-01T12:48:59.029+0000] {processor.py:830} INFO - Processing file /opt/airflow/dags/show_module_version.py for tasks to queue
[2024-04-01T12:48:59.032+0000] {logging_mixin.py:188} INFO - [2024-04-01T12:48:59.031+0000] {dagbag.py:540} INFO - Filling up the DagBag from /opt/airflow/dags/show_module_version.py
[2024-04-01T12:48:59.042+0000] {processor.py:840} INFO - DAG(s) 'show_module_version' retrieved from /opt/airflow/dags/show_module_version.py
[2024-04-01T12:48:59.067+0000] {logging_mixin.py:188} INFO - [2024-04-01T12:48:59.067+0000] {dag.py:3047} INFO - Sync 1 DAGs
[2024-04-01T12:48:59.075+0000] {logging_mixin.py:188} INFO - [2024-04-01T12:48:59.075+0000] {dag.py:3834} INFO - Setting next_dagrun for show_module_version to None, run_after=None
[2024-04-01T12:48:59.097+0000] {processor.py:183} INFO - Processing /opt/airflow/dags/show_module_version.py took 0.078 seconds
[2024-04-01T12:49:29.579+0000] {processor.py:161} INFO - Started process (PID=100) to work on /opt/airflow/dags/show_module_version.py
[2024-04-01T12:49:29.579+0000] {processor.py:830} INFO - Processing file /opt/airflow/dags/show_module_version.py for tasks to queue
[2024-04-01T12:49:29.581+0000] {logging_mixin.py:188} INFO - [2024-04-01T12:49:29.581+0000] {dagbag.py:540} INFO - Filling up the DagBag from /opt/airflow/dags/show_module_version.py
[2024-04-01T12:49:29.603+0000] {processor.py:840} INFO - DAG(s) 'show_module_version' retrieved from /opt/airflow/dags/show_module_version.py
[2024-04-01T12:49:29.643+0000] {logging_mixin.py:188} INFO - [2024-04-01T12:49:29.643+0000] {dag.py:3047} INFO - Sync 1 DAGs
[2024-04-01T12:49:29.653+0000] {logging_mixin.py:188} INFO - [2024-04-01T12:49:29.653+0000] {dag.py:3834} INFO - Setting next_dagrun for show_module_version to None, run_after=None
[2024-04-01T12:49:29.663+0000] {processor.py:183} INFO - Processing /opt/airflow/dags/show_module_version.py took 0.087 seconds
[2024-04-01T12:50:00.113+0000] {processor.py:161} INFO - Started process (PID=109) to work on /opt/airflow/dags/show_module_version.py
[2024-04-01T12:50:00.113+0000] {processor.py:830} INFO - Processing file /opt/airflow/dags/show_module_version.py for tasks to queue
[2024-04-01T12:50:00.116+0000] {logging_mixin.py:188} INFO - [2024-04-01T12:50:00.115+0000] {dagbag.py:540} INFO - Filling up the DagBag from /opt/airflow/dags/show_module_version.py
[2024-04-01T12:50:00.134+0000] {processor.py:840} INFO - DAG(s) 'show_module_version' retrieved from /opt/airflow/dags/show_module_version.py
[2024-04-01T12:50:00.160+0000] {logging_mixin.py:188} INFO - [2024-04-01T12:50:00.160+0000] {dag.py:3047} INFO - Sync 1 DAGs
[2024-04-01T12:50:00.168+0000] {logging_mixin.py:188} INFO - [2024-04-01T12:50:00.168+0000] {dag.py:3834} INFO - Setting next_dagrun for show_module_version to None, run_after=None
[2024-04-01T12:50:00.186+0000] {processor.py:183} INFO - Processing /opt/airflow/dags/show_module_version.py took 0.076 seconds
[2024-04-01T12:50:30.565+0000] {processor.py:161} INFO - Started process (PID=118) to work on /opt/airflow/dags/show_module_version.py
[2024-04-01T12:50:30.568+0000] {processor.py:830} INFO - Processing file /opt/airflow/dags/show_module_version.py for tasks to queue
[2024-04-01T12:50:30.578+0000] {logging_mixin.py:188} INFO - [2024-04-01T12:50:30.575+0000] {dagbag.py:540} INFO - Filling up the DagBag from /opt/airflow/dags/show_module_version.py
[2024-04-01T12:50:30.605+0000] {processor.py:840} INFO - DAG(s) 'show_module_version' retrieved from /opt/airflow/dags/show_module_version.py
[2024-04-01T12:50:30.626+0000] {logging_mixin.py:188} INFO - [2024-04-01T12:50:30.626+0000] {dag.py:3047} INFO - Sync 1 DAGs
[2024-04-01T12:50:30.635+0000] {logging_mixin.py:188} INFO - [2024-04-01T12:50:30.634+0000] {dag.py:3834} INFO - Setting next_dagrun for show_module_version to None, run_after=None
[2024-04-01T12:50:30.649+0000] {processor.py:183} INFO - Processing /opt/airflow/dags/show_module_version.py took 0.088 seconds
[2024-04-01T12:51:01.139+0000] {processor.py:161} INFO - Started process (PID=127) to work on /opt/airflow/dags/show_module_version.py
[2024-04-01T12:51:01.140+0000] {processor.py:830} INFO - Processing file /opt/airflow/dags/show_module_version.py for tasks to queue
[2024-04-01T12:51:01.143+0000] {logging_mixin.py:188} INFO - [2024-04-01T12:51:01.142+0000] {dagbag.py:540} INFO - Filling up the DagBag from /opt/airflow/dags/show_module_version.py
[2024-04-01T12:51:01.153+0000] {processor.py:840} INFO - DAG(s) 'show_module_version' retrieved from /opt/airflow/dags/show_module_version.py
[2024-04-01T12:51:01.175+0000] {logging_mixin.py:188} INFO - [2024-04-01T12:51:01.175+0000] {dag.py:3047} INFO - Sync 1 DAGs
[2024-04-01T12:51:01.182+0000] {logging_mixin.py:188} INFO - [2024-04-01T12:51:01.182+0000] {dag.py:3834} INFO - Setting next_dagrun for show_module_version to None, run_after=None
[2024-04-01T12:51:01.191+0000] {processor.py:183} INFO - Processing /opt/airflow/dags/show_module_version.py took 0.066 seconds
[2024-04-01T12:51:31.716+0000] {processor.py:161} INFO - Started process (PID=140) to work on /opt/airflow/dags/show_module_version.py
[2024-04-01T12:51:31.716+0000] {processor.py:830} INFO - Processing file /opt/airflow/dags/show_module_version.py for tasks to queue
[2024-04-01T12:51:31.718+0000] {logging_mixin.py:188} INFO - [2024-04-01T12:51:31.718+0000] {dagbag.py:540} INFO - Filling up the DagBag from /opt/airflow/dags/show_module_version.py
[2024-04-01T12:51:31.730+0000] {processor.py:840} INFO - DAG(s) 'show_module_version' retrieved from /opt/airflow/dags/show_module_version.py
[2024-04-01T12:51:31.760+0000] {logging_mixin.py:188} INFO - [2024-04-01T12:51:31.760+0000] {dag.py:3047} INFO - Sync 1 DAGs
[2024-04-01T12:51:31.774+0000] {logging_mixin.py:188} INFO - [2024-04-01T12:51:31.774+0000] {dag.py:3834} INFO - Setting next_dagrun for show_module_version to None, run_after=None
[2024-04-01T12:51:31.786+0000] {processor.py:183} INFO - Processing /opt/airflow/dags/show_module_version.py took 0.073 seconds
[2024-04-01T12:52:02.150+0000] {processor.py:161} INFO - Started process (PID=149) to work on /opt/airflow/dags/show_module_version.py
[2024-04-01T12:52:02.151+0000] {processor.py:830} INFO - Processing file /opt/airflow/dags/show_module_version.py for tasks to queue
[2024-04-01T12:52:02.153+0000] {logging_mixin.py:188} INFO - [2024-04-01T12:52:02.153+0000] {dagbag.py:540} INFO - Filling up the DagBag from /opt/airflow/dags/show_module_version.py
[2024-04-01T12:52:02.161+0000] {processor.py:840} INFO - DAG(s) 'show_module_version' retrieved from /opt/airflow/dags/show_module_version.py
[2024-04-01T12:52:02.184+0000] {logging_mixin.py:188} INFO - [2024-04-01T12:52:02.184+0000] {dag.py:3047} INFO - Sync 1 DAGs
[2024-04-01T12:52:02.192+0000] {logging_mixin.py:188} INFO - [2024-04-01T12:52:02.192+0000] {dag.py:3834} INFO - Setting next_dagrun for show_module_version to None, run_after=None
[2024-04-01T12:52:02.200+0000] {processor.py:183} INFO - Processing /opt/airflow/dags/show_module_version.py took 0.054 seconds
[2024-04-01T12:52:32.586+0000] {processor.py:161} INFO - Started process (PID=158) to work on /opt/airflow/dags/show_module_version.py
[2024-04-01T12:52:32.587+0000] {processor.py:830} INFO - Processing file /opt/airflow/dags/show_module_version.py for tasks to queue
[2024-04-01T12:52:32.589+0000] {logging_mixin.py:188} INFO - [2024-04-01T12:52:32.589+0000] {dagbag.py:540} INFO - Filling up the DagBag from /opt/airflow/dags/show_module_version.py
[2024-04-01T12:52:32.597+0000] {processor.py:840} INFO - DAG(s) 'show_module_version' retrieved from /opt/airflow/dags/show_module_version.py
[2024-04-01T12:52:32.615+0000] {logging_mixin.py:188} INFO - [2024-04-01T12:52:32.615+0000] {dag.py:3047} INFO - Sync 1 DAGs
[2024-04-01T12:52:32.622+0000] {logging_mixin.py:188} INFO - [2024-04-01T12:52:32.622+0000] {dag.py:3834} INFO - Setting next_dagrun for show_module_version to None, run_after=None
[2024-04-01T12:52:32.631+0000] {processor.py:183} INFO - Processing /opt/airflow/dags/show_module_version.py took 0.047 seconds
[2024-04-01T12:53:03.099+0000] {processor.py:161} INFO - Started process (PID=167) to work on /opt/airflow/dags/show_module_version.py
[2024-04-01T12:53:03.100+0000] {processor.py:830} INFO - Processing file /opt/airflow/dags/show_module_version.py for tasks to queue
[2024-04-01T12:53:03.103+0000] {logging_mixin.py:188} INFO - [2024-04-01T12:53:03.103+0000] {dagbag.py:540} INFO - Filling up the DagBag from /opt/airflow/dags/show_module_version.py
[2024-04-01T12:53:03.126+0000] {processor.py:840} INFO - DAG(s) 'show_module_version' retrieved from /opt/airflow/dags/show_module_version.py
[2024-04-01T12:53:03.175+0000] {logging_mixin.py:188} INFO - [2024-04-01T12:53:03.175+0000] {dag.py:3047} INFO - Sync 1 DAGs
[2024-04-01T12:53:03.187+0000] {logging_mixin.py:188} INFO - [2024-04-01T12:53:03.187+0000] {dag.py:3834} INFO - Setting next_dagrun for show_module_version to None, run_after=None
[2024-04-01T12:53:03.207+0000] {processor.py:183} INFO - Processing /opt/airflow/dags/show_module_version.py took 0.113 seconds
[2024-04-01T12:53:33.636+0000] {processor.py:161} INFO - Started process (PID=176) to work on /opt/airflow/dags/show_module_version.py
[2024-04-01T12:53:33.637+0000] {processor.py:830} INFO - Processing file /opt/airflow/dags/show_module_version.py for tasks to queue
[2024-04-01T12:53:33.640+0000] {logging_mixin.py:188} INFO - [2024-04-01T12:53:33.639+0000] {dagbag.py:540} INFO - Filling up the DagBag from /opt/airflow/dags/show_module_version.py
[2024-04-01T12:53:33.672+0000] {processor.py:840} INFO - DAG(s) 'show_module_version' retrieved from /opt/airflow/dags/show_module_version.py
[2024-04-01T12:53:33.706+0000] {logging_mixin.py:188} INFO - [2024-04-01T12:53:33.706+0000] {dag.py:3047} INFO - Sync 1 DAGs
[2024-04-01T12:53:33.719+0000] {logging_mixin.py:188} INFO - [2024-04-01T12:53:33.719+0000] {dag.py:3834} INFO - Setting next_dagrun for show_module_version to None, run_after=None
[2024-04-01T12:53:33.729+0000] {processor.py:183} INFO - Processing /opt/airflow/dags/show_module_version.py took 0.100 seconds
[2024-04-01T12:54:04.271+0000] {processor.py:161} INFO - Started process (PID=185) to work on /opt/airflow/dags/show_module_version.py
[2024-04-01T12:54:04.273+0000] {processor.py:830} INFO - Processing file /opt/airflow/dags/show_module_version.py for tasks to queue
[2024-04-01T12:54:04.276+0000] {logging_mixin.py:188} INFO - [2024-04-01T12:54:04.275+0000] {dagbag.py:540} INFO - Filling up the DagBag from /opt/airflow/dags/show_module_version.py
[2024-04-01T12:54:04.299+0000] {processor.py:840} INFO - DAG(s) 'show_module_version' retrieved from /opt/airflow/dags/show_module_version.py
[2024-04-01T12:54:04.343+0000] {logging_mixin.py:188} INFO - [2024-04-01T12:54:04.343+0000] {dag.py:3047} INFO - Sync 1 DAGs
[2024-04-01T12:54:04.373+0000] {logging_mixin.py:188} INFO - [2024-04-01T12:54:04.373+0000] {dag.py:3834} INFO - Setting next_dagrun for show_module_version to None, run_after=None
[2024-04-01T12:54:04.387+0000] {processor.py:183} INFO - Processing /opt/airflow/dags/show_module_version.py took 0.123 seconds
[2024-04-01T12:54:35.003+0000] {processor.py:161} INFO - Started process (PID=194) to work on /opt/airflow/dags/show_module_version.py
[2024-04-01T12:54:35.005+0000] {processor.py:830} INFO - Processing file /opt/airflow/dags/show_module_version.py for tasks to queue
[2024-04-01T12:54:35.017+0000] {logging_mixin.py:188} INFO - [2024-04-01T12:54:35.015+0000] {dagbag.py:540} INFO - Filling up the DagBag from /opt/airflow/dags/show_module_version.py
[2024-04-01T12:54:35.039+0000] {processor.py:840} INFO - DAG(s) 'show_module_version' retrieved from /opt/airflow/dags/show_module_version.py
[2024-04-01T12:54:35.103+0000] {logging_mixin.py:188} INFO - [2024-04-01T12:54:35.103+0000] {dag.py:3047} INFO - Sync 1 DAGs
[2024-04-01T12:54:35.116+0000] {logging_mixin.py:188} INFO - [2024-04-01T12:54:35.116+0000] {dag.py:3834} INFO - Setting next_dagrun for show_module_version to None, run_after=None
[2024-04-01T12:54:35.134+0000] {processor.py:183} INFO - Processing /opt/airflow/dags/show_module_version.py took 0.137 seconds
[2024-04-01T12:55:05.689+0000] {processor.py:161} INFO - Started process (PID=202) to work on /opt/airflow/dags/show_module_version.py
[2024-04-01T12:55:05.691+0000] {processor.py:830} INFO - Processing file /opt/airflow/dags/show_module_version.py for tasks to queue
[2024-04-01T12:55:05.697+0000] {logging_mixin.py:188} INFO - [2024-04-01T12:55:05.697+0000] {dagbag.py:540} INFO - Filling up the DagBag from /opt/airflow/dags/show_module_version.py
[2024-04-01T12:55:05.728+0000] {processor.py:840} INFO - DAG(s) 'show_module_version' retrieved from /opt/airflow/dags/show_module_version.py
[2024-04-01T12:55:05.765+0000] {logging_mixin.py:188} INFO - [2024-04-01T12:55:05.764+0000] {dag.py:3047} INFO - Sync 1 DAGs
[2024-04-01T12:55:05.792+0000] {logging_mixin.py:188} INFO - [2024-04-01T12:55:05.792+0000] {dag.py:3834} INFO - Setting next_dagrun for show_module_version to None, run_after=None
[2024-04-01T12:55:05.805+0000] {processor.py:183} INFO - Processing /opt/airflow/dags/show_module_version.py took 0.128 seconds
[2024-04-01T12:55:36.383+0000] {processor.py:161} INFO - Started process (PID=211) to work on /opt/airflow/dags/show_module_version.py
[2024-04-01T12:55:36.387+0000] {processor.py:830} INFO - Processing file /opt/airflow/dags/show_module_version.py for tasks to queue
[2024-04-01T12:55:36.398+0000] {logging_mixin.py:188} INFO - [2024-04-01T12:55:36.392+0000] {dagbag.py:540} INFO - Filling up the DagBag from /opt/airflow/dags/show_module_version.py
[2024-04-01T12:55:36.416+0000] {processor.py:840} INFO - DAG(s) 'show_module_version' retrieved from /opt/airflow/dags/show_module_version.py
[2024-04-01T12:55:36.460+0000] {logging_mixin.py:188} INFO - [2024-04-01T12:55:36.460+0000] {dag.py:3047} INFO - Sync 1 DAGs
[2024-04-01T12:55:36.476+0000] {logging_mixin.py:188} INFO - [2024-04-01T12:55:36.476+0000] {dag.py:3834} INFO - Setting next_dagrun for show_module_version to None, run_after=None
[2024-04-01T12:55:36.488+0000] {processor.py:183} INFO - Processing /opt/airflow/dags/show_module_version.py took 0.112 seconds
[2024-04-01T12:56:07.003+0000] {processor.py:161} INFO - Started process (PID=220) to work on /opt/airflow/dags/show_module_version.py
[2024-04-01T12:56:07.004+0000] {processor.py:830} INFO - Processing file /opt/airflow/dags/show_module_version.py for tasks to queue
[2024-04-01T12:56:07.008+0000] {logging_mixin.py:188} INFO - [2024-04-01T12:56:07.008+0000] {dagbag.py:540} INFO - Filling up the DagBag from /opt/airflow/dags/show_module_version.py
[2024-04-01T12:56:07.018+0000] {processor.py:840} INFO - DAG(s) 'show_module_version' retrieved from /opt/airflow/dags/show_module_version.py
[2024-04-01T12:56:07.038+0000] {logging_mixin.py:188} INFO - [2024-04-01T12:56:07.037+0000] {dag.py:3047} INFO - Sync 1 DAGs
[2024-04-01T12:56:07.050+0000] {logging_mixin.py:188} INFO - [2024-04-01T12:56:07.050+0000] {dag.py:3834} INFO - Setting next_dagrun for show_module_version to None, run_after=None
[2024-04-01T12:56:07.064+0000] {processor.py:183} INFO - Processing /opt/airflow/dags/show_module_version.py took 0.065 seconds
[2024-04-01T12:56:37.607+0000] {processor.py:161} INFO - Started process (PID=229) to work on /opt/airflow/dags/show_module_version.py
[2024-04-01T12:56:37.609+0000] {processor.py:830} INFO - Processing file /opt/airflow/dags/show_module_version.py for tasks to queue
[2024-04-01T12:56:37.615+0000] {logging_mixin.py:188} INFO - [2024-04-01T12:56:37.614+0000] {dagbag.py:540} INFO - Filling up the DagBag from /opt/airflow/dags/show_module_version.py
[2024-04-01T12:56:37.646+0000] {processor.py:840} INFO - DAG(s) 'show_module_version' retrieved from /opt/airflow/dags/show_module_version.py
[2024-04-01T12:56:37.686+0000] {logging_mixin.py:188} INFO - [2024-04-01T12:56:37.686+0000] {dag.py:3047} INFO - Sync 1 DAGs
[2024-04-01T12:56:37.696+0000] {logging_mixin.py:188} INFO - [2024-04-01T12:56:37.696+0000] {dag.py:3834} INFO - Setting next_dagrun for show_module_version to None, run_after=None
[2024-04-01T12:56:37.707+0000] {processor.py:183} INFO - Processing /opt/airflow/dags/show_module_version.py took 0.106 seconds
[2024-04-01T12:57:08.313+0000] {processor.py:161} INFO - Started process (PID=238) to work on /opt/airflow/dags/show_module_version.py
[2024-04-01T12:57:08.315+0000] {processor.py:830} INFO - Processing file /opt/airflow/dags/show_module_version.py for tasks to queue
[2024-04-01T12:57:08.318+0000] {logging_mixin.py:188} INFO - [2024-04-01T12:57:08.318+0000] {dagbag.py:540} INFO - Filling up the DagBag from /opt/airflow/dags/show_module_version.py
[2024-04-01T12:57:08.335+0000] {processor.py:840} INFO - DAG(s) 'show_module_version' retrieved from /opt/airflow/dags/show_module_version.py
[2024-04-01T12:57:08.375+0000] {logging_mixin.py:188} INFO - [2024-04-01T12:57:08.375+0000] {dag.py:3047} INFO - Sync 1 DAGs
[2024-04-01T12:57:08.384+0000] {logging_mixin.py:188} INFO - [2024-04-01T12:57:08.384+0000] {dag.py:3834} INFO - Setting next_dagrun for show_module_version to None, run_after=None
[2024-04-01T12:57:08.394+0000] {processor.py:183} INFO - Processing /opt/airflow/dags/show_module_version.py took 0.095 seconds
[2024-04-01T12:57:38.802+0000] {processor.py:161} INFO - Started process (PID=247) to work on /opt/airflow/dags/show_module_version.py
[2024-04-01T12:57:38.805+0000] {processor.py:830} INFO - Processing file /opt/airflow/dags/show_module_version.py for tasks to queue
[2024-04-01T12:57:38.809+0000] {logging_mixin.py:188} INFO - [2024-04-01T12:57:38.809+0000] {dagbag.py:540} INFO - Filling up the DagBag from /opt/airflow/dags/show_module_version.py
[2024-04-01T12:57:38.825+0000] {processor.py:840} INFO - DAG(s) 'show_module_version' retrieved from /opt/airflow/dags/show_module_version.py
[2024-04-01T12:57:38.856+0000] {logging_mixin.py:188} INFO - [2024-04-01T12:57:38.856+0000] {dag.py:3047} INFO - Sync 1 DAGs
[2024-04-01T12:57:38.884+0000] {logging_mixin.py:188} INFO - [2024-04-01T12:57:38.884+0000] {dag.py:3834} INFO - Setting next_dagrun for show_module_version to None, run_after=None
[2024-04-01T12:57:38.894+0000] {processor.py:183} INFO - Processing /opt/airflow/dags/show_module_version.py took 0.102 seconds
[2024-04-01T12:58:09.417+0000] {processor.py:161} INFO - Started process (PID=256) to work on /opt/airflow/dags/show_module_version.py
[2024-04-01T12:58:09.418+0000] {processor.py:830} INFO - Processing file /opt/airflow/dags/show_module_version.py for tasks to queue
[2024-04-01T12:58:09.424+0000] {logging_mixin.py:188} INFO - [2024-04-01T12:58:09.424+0000] {dagbag.py:540} INFO - Filling up the DagBag from /opt/airflow/dags/show_module_version.py
[2024-04-01T12:58:09.441+0000] {processor.py:840} INFO - DAG(s) 'show_module_version' retrieved from /opt/airflow/dags/show_module_version.py
[2024-04-01T12:58:09.465+0000] {logging_mixin.py:188} INFO - [2024-04-01T12:58:09.465+0000] {dag.py:3047} INFO - Sync 1 DAGs
[2024-04-01T12:58:09.488+0000] {logging_mixin.py:188} INFO - [2024-04-01T12:58:09.488+0000] {dag.py:3834} INFO - Setting next_dagrun for show_module_version to None, run_after=None
[2024-04-01T12:58:09.502+0000] {processor.py:183} INFO - Processing /opt/airflow/dags/show_module_version.py took 0.091 seconds
[2024-04-01T12:58:39.967+0000] {processor.py:161} INFO - Started process (PID=265) to work on /opt/airflow/dags/show_module_version.py
[2024-04-01T12:58:39.970+0000] {processor.py:830} INFO - Processing file /opt/airflow/dags/show_module_version.py for tasks to queue
[2024-04-01T12:58:39.988+0000] {logging_mixin.py:188} INFO - [2024-04-01T12:58:39.985+0000] {dagbag.py:540} INFO - Filling up the DagBag from /opt/airflow/dags/show_module_version.py
[2024-04-01T12:58:40.003+0000] {processor.py:840} INFO - DAG(s) 'show_module_version' retrieved from /opt/airflow/dags/show_module_version.py
[2024-04-01T12:58:40.029+0000] {logging_mixin.py:188} INFO - [2024-04-01T12:58:40.029+0000] {dag.py:3047} INFO - Sync 1 DAGs
[2024-04-01T12:58:40.053+0000] {logging_mixin.py:188} INFO - [2024-04-01T12:58:40.051+0000] {dag.py:3834} INFO - Setting next_dagrun for show_module_version to None, run_after=None
[2024-04-01T12:58:40.094+0000] {processor.py:183} INFO - Processing /opt/airflow/dags/show_module_version.py took 0.135 seconds
[2024-04-01T12:59:10.515+0000] {processor.py:161} INFO - Started process (PID=274) to work on /opt/airflow/dags/show_module_version.py
[2024-04-01T12:59:10.517+0000] {processor.py:830} INFO - Processing file /opt/airflow/dags/show_module_version.py for tasks to queue
[2024-04-01T12:59:10.520+0000] {logging_mixin.py:188} INFO - [2024-04-01T12:59:10.520+0000] {dagbag.py:540} INFO - Filling up the DagBag from /opt/airflow/dags/show_module_version.py
[2024-04-01T12:59:10.531+0000] {processor.py:840} INFO - DAG(s) 'show_module_version' retrieved from /opt/airflow/dags/show_module_version.py
[2024-04-01T12:59:10.565+0000] {logging_mixin.py:188} INFO - [2024-04-01T12:59:10.565+0000] {dag.py:3047} INFO - Sync 1 DAGs
[2024-04-01T12:59:10.580+0000] {logging_mixin.py:188} INFO - [2024-04-01T12:59:10.580+0000] {dag.py:3834} INFO - Setting next_dagrun for show_module_version to None, run_after=None
[2024-04-01T12:59:10.595+0000] {processor.py:183} INFO - Processing /opt/airflow/dags/show_module_version.py took 0.083 seconds
[2024-04-01T12:59:41.166+0000] {processor.py:161} INFO - Started process (PID=282) to work on /opt/airflow/dags/show_module_version.py
[2024-04-01T12:59:41.172+0000] {processor.py:830} INFO - Processing file /opt/airflow/dags/show_module_version.py for tasks to queue
[2024-04-01T12:59:41.177+0000] {logging_mixin.py:188} INFO - [2024-04-01T12:59:41.177+0000] {dagbag.py:540} INFO - Filling up the DagBag from /opt/airflow/dags/show_module_version.py
[2024-04-01T12:59:41.190+0000] {processor.py:840} INFO - DAG(s) 'show_module_version' retrieved from /opt/airflow/dags/show_module_version.py
[2024-04-01T12:59:41.238+0000] {logging_mixin.py:188} INFO - [2024-04-01T12:59:41.237+0000] {dag.py:3047} INFO - Sync 1 DAGs
[2024-04-01T12:59:41.254+0000] {logging_mixin.py:188} INFO - [2024-04-01T12:59:41.253+0000] {dag.py:3834} INFO - Setting next_dagrun for show_module_version to None, run_after=None
[2024-04-01T12:59:41.273+0000] {processor.py:183} INFO - Processing /opt/airflow/dags/show_module_version.py took 0.125 seconds
[2024-04-01T13:00:11.841+0000] {processor.py:161} INFO - Started process (PID=291) to work on /opt/airflow/dags/show_module_version.py
[2024-04-01T13:00:11.843+0000] {processor.py:830} INFO - Processing file /opt/airflow/dags/show_module_version.py for tasks to queue
[2024-04-01T13:00:11.857+0000] {logging_mixin.py:188} INFO - [2024-04-01T13:00:11.856+0000] {dagbag.py:540} INFO - Filling up the DagBag from /opt/airflow/dags/show_module_version.py
[2024-04-01T13:00:11.873+0000] {processor.py:840} INFO - DAG(s) 'show_module_version' retrieved from /opt/airflow/dags/show_module_version.py
[2024-04-01T13:00:11.901+0000] {logging_mixin.py:188} INFO - [2024-04-01T13:00:11.901+0000] {dag.py:3047} INFO - Sync 1 DAGs
[2024-04-01T13:00:11.927+0000] {logging_mixin.py:188} INFO - [2024-04-01T13:00:11.926+0000] {dag.py:3834} INFO - Setting next_dagrun for show_module_version to None, run_after=None
[2024-04-01T13:00:11.945+0000] {processor.py:183} INFO - Processing /opt/airflow/dags/show_module_version.py took 0.114 seconds
[2024-04-01T13:00:42.420+0000] {processor.py:161} INFO - Started process (PID=300) to work on /opt/airflow/dags/show_module_version.py
[2024-04-01T13:00:42.421+0000] {processor.py:830} INFO - Processing file /opt/airflow/dags/show_module_version.py for tasks to queue
[2024-04-01T13:00:42.424+0000] {logging_mixin.py:188} INFO - [2024-04-01T13:00:42.424+0000] {dagbag.py:540} INFO - Filling up the DagBag from /opt/airflow/dags/show_module_version.py
[2024-04-01T13:00:42.437+0000] {processor.py:840} INFO - DAG(s) 'show_module_version' retrieved from /opt/airflow/dags/show_module_version.py
[2024-04-01T13:00:42.468+0000] {logging_mixin.py:188} INFO - [2024-04-01T13:00:42.468+0000] {dag.py:3047} INFO - Sync 1 DAGs
[2024-04-01T13:00:42.480+0000] {logging_mixin.py:188} INFO - [2024-04-01T13:00:42.480+0000] {dag.py:3834} INFO - Setting next_dagrun for show_module_version to None, run_after=None
[2024-04-01T13:00:42.506+0000] {processor.py:183} INFO - Processing /opt/airflow/dags/show_module_version.py took 0.112 seconds
[2024-04-01T13:01:13.140+0000] {processor.py:161} INFO - Started process (PID=309) to work on /opt/airflow/dags/show_module_version.py
[2024-04-01T13:01:13.141+0000] {processor.py:830} INFO - Processing file /opt/airflow/dags/show_module_version.py for tasks to queue
[2024-04-01T13:01:13.143+0000] {logging_mixin.py:188} INFO - [2024-04-01T13:01:13.143+0000] {dagbag.py:540} INFO - Filling up the DagBag from /opt/airflow/dags/show_module_version.py
[2024-04-01T13:01:13.165+0000] {processor.py:840} INFO - DAG(s) 'show_module_version' retrieved from /opt/airflow/dags/show_module_version.py
[2024-04-01T13:01:13.208+0000] {logging_mixin.py:188} INFO - [2024-04-01T13:01:13.208+0000] {dag.py:3047} INFO - Sync 1 DAGs
[2024-04-01T13:01:13.221+0000] {logging_mixin.py:188} INFO - [2024-04-01T13:01:13.221+0000] {dag.py:3834} INFO - Setting next_dagrun for show_module_version to None, run_after=None
[2024-04-01T13:01:13.234+0000] {processor.py:183} INFO - Processing /opt/airflow/dags/show_module_version.py took 0.100 seconds
[2024-04-01T13:01:43.668+0000] {processor.py:161} INFO - Started process (PID=317) to work on /opt/airflow/dags/show_module_version.py
[2024-04-01T13:01:43.670+0000] {processor.py:830} INFO - Processing file /opt/airflow/dags/show_module_version.py for tasks to queue
[2024-04-01T13:01:43.673+0000] {logging_mixin.py:188} INFO - [2024-04-01T13:01:43.673+0000] {dagbag.py:540} INFO - Filling up the DagBag from /opt/airflow/dags/show_module_version.py
[2024-04-01T13:01:43.686+0000] {processor.py:840} INFO - DAG(s) 'show_module_version' retrieved from /opt/airflow/dags/show_module_version.py
[2024-04-01T13:01:43.759+0000] {logging_mixin.py:188} INFO - [2024-04-01T13:01:43.759+0000] {dag.py:3047} INFO - Sync 1 DAGs
[2024-04-01T13:01:43.791+0000] {logging_mixin.py:188} INFO - [2024-04-01T13:01:43.791+0000] {dag.py:3834} INFO - Setting next_dagrun for show_module_version to None, run_after=None
[2024-04-01T13:01:43.808+0000] {processor.py:183} INFO - Processing /opt/airflow/dags/show_module_version.py took 0.163 seconds
[2024-04-01T13:02:14.279+0000] {processor.py:161} INFO - Started process (PID=325) to work on /opt/airflow/dags/show_module_version.py
[2024-04-01T13:02:14.287+0000] {processor.py:830} INFO - Processing file /opt/airflow/dags/show_module_version.py for tasks to queue
[2024-04-01T13:02:14.293+0000] {logging_mixin.py:188} INFO - [2024-04-01T13:02:14.292+0000] {dagbag.py:540} INFO - Filling up the DagBag from /opt/airflow/dags/show_module_version.py
[2024-04-01T13:02:14.319+0000] {processor.py:840} INFO - DAG(s) 'show_module_version' retrieved from /opt/airflow/dags/show_module_version.py
[2024-04-01T13:02:14.365+0000] {logging_mixin.py:188} INFO - [2024-04-01T13:02:14.365+0000] {dag.py:3047} INFO - Sync 1 DAGs
[2024-04-01T13:02:14.384+0000] {logging_mixin.py:188} INFO - [2024-04-01T13:02:14.384+0000] {dag.py:3834} INFO - Setting next_dagrun for show_module_version to None, run_after=None
[2024-04-01T13:02:14.400+0000] {processor.py:183} INFO - Processing /opt/airflow/dags/show_module_version.py took 0.141 seconds
[2024-04-01T13:02:44.814+0000] {processor.py:161} INFO - Started process (PID=334) to work on /opt/airflow/dags/show_module_version.py
[2024-04-01T13:02:44.819+0000] {processor.py:830} INFO - Processing file /opt/airflow/dags/show_module_version.py for tasks to queue
[2024-04-01T13:02:44.826+0000] {logging_mixin.py:188} INFO - [2024-04-01T13:02:44.826+0000] {dagbag.py:540} INFO - Filling up the DagBag from /opt/airflow/dags/show_module_version.py
[2024-04-01T13:02:44.839+0000] {processor.py:840} INFO - DAG(s) 'show_module_version' retrieved from /opt/airflow/dags/show_module_version.py
[2024-04-01T13:02:44.874+0000] {logging_mixin.py:188} INFO - [2024-04-01T13:02:44.874+0000] {dag.py:3047} INFO - Sync 1 DAGs
[2024-04-01T13:02:44.888+0000] {logging_mixin.py:188} INFO - [2024-04-01T13:02:44.887+0000] {dag.py:3834} INFO - Setting next_dagrun for show_module_version to None, run_after=None
[2024-04-01T13:02:44.910+0000] {processor.py:183} INFO - Processing /opt/airflow/dags/show_module_version.py took 0.114 seconds
[2024-04-01T13:03:15.404+0000] {processor.py:161} INFO - Started process (PID=349) to work on /opt/airflow/dags/show_module_version.py
[2024-04-01T13:03:15.405+0000] {processor.py:830} INFO - Processing file /opt/airflow/dags/show_module_version.py for tasks to queue
[2024-04-01T13:03:15.407+0000] {logging_mixin.py:188} INFO - [2024-04-01T13:03:15.407+0000] {dagbag.py:540} INFO - Filling up the DagBag from /opt/airflow/dags/show_module_version.py
[2024-04-01T13:03:15.418+0000] {processor.py:840} INFO - DAG(s) 'show_module_version' retrieved from /opt/airflow/dags/show_module_version.py
[2024-04-01T13:03:15.457+0000] {logging_mixin.py:188} INFO - [2024-04-01T13:03:15.457+0000] {dag.py:3047} INFO - Sync 1 DAGs
[2024-04-01T13:03:15.466+0000] {logging_mixin.py:188} INFO - [2024-04-01T13:03:15.466+0000] {dag.py:3834} INFO - Setting next_dagrun for show_module_version to None, run_after=None
[2024-04-01T13:03:15.475+0000] {processor.py:183} INFO - Processing /opt/airflow/dags/show_module_version.py took 0.077 seconds
[2024-04-01T13:03:46.019+0000] {processor.py:161} INFO - Started process (PID=358) to work on /opt/airflow/dags/show_module_version.py
[2024-04-01T13:03:46.022+0000] {processor.py:830} INFO - Processing file /opt/airflow/dags/show_module_version.py for tasks to queue
[2024-04-01T13:03:46.027+0000] {logging_mixin.py:188} INFO - [2024-04-01T13:03:46.026+0000] {dagbag.py:540} INFO - Filling up the DagBag from /opt/airflow/dags/show_module_version.py
[2024-04-01T13:03:46.043+0000] {processor.py:840} INFO - DAG(s) 'show_module_version' retrieved from /opt/airflow/dags/show_module_version.py
[2024-04-01T13:03:46.080+0000] {logging_mixin.py:188} INFO - [2024-04-01T13:03:46.079+0000] {dag.py:3047} INFO - Sync 1 DAGs
[2024-04-01T13:03:46.088+0000] {logging_mixin.py:188} INFO - [2024-04-01T13:03:46.088+0000] {dag.py:3834} INFO - Setting next_dagrun for show_module_version to None, run_after=None
[2024-04-01T13:03:46.097+0000] {processor.py:183} INFO - Processing /opt/airflow/dags/show_module_version.py took 0.087 seconds
[2024-04-01T13:09:09.033+0000] {processor.py:161} INFO - Started process (PID=35) to work on /opt/airflow/dags/show_module_version.py
[2024-04-01T13:09:09.035+0000] {processor.py:830} INFO - Processing file /opt/airflow/dags/show_module_version.py for tasks to queue
[2024-04-01T13:09:09.038+0000] {logging_mixin.py:188} INFO - [2024-04-01T13:09:09.038+0000] {dagbag.py:540} INFO - Filling up the DagBag from /opt/airflow/dags/show_module_version.py
[2024-04-01T13:09:09.057+0000] {processor.py:840} INFO - DAG(s) 'show_module_version' retrieved from /opt/airflow/dags/show_module_version.py
[2024-04-01T13:09:09.305+0000] {logging_mixin.py:188} INFO - [2024-04-01T13:09:09.305+0000] {dag.py:3047} INFO - Sync 1 DAGs
[2024-04-01T13:09:09.321+0000] {logging_mixin.py:188} INFO - [2024-04-01T13:09:09.321+0000] {dag.py:3834} INFO - Setting next_dagrun for show_module_version to None, run_after=None
[2024-04-01T13:09:09.347+0000] {processor.py:183} INFO - Processing /opt/airflow/dags/show_module_version.py took 0.333 seconds
[2024-04-01T13:09:39.848+0000] {processor.py:161} INFO - Started process (PID=43) to work on /opt/airflow/dags/show_module_version.py
[2024-04-01T13:09:39.850+0000] {processor.py:830} INFO - Processing file /opt/airflow/dags/show_module_version.py for tasks to queue
[2024-04-01T13:09:39.858+0000] {logging_mixin.py:188} INFO - [2024-04-01T13:09:39.858+0000] {dagbag.py:540} INFO - Filling up the DagBag from /opt/airflow/dags/show_module_version.py
[2024-04-01T13:09:39.880+0000] {processor.py:840} INFO - DAG(s) 'show_module_version' retrieved from /opt/airflow/dags/show_module_version.py
[2024-04-01T13:09:39.928+0000] {logging_mixin.py:188} INFO - [2024-04-01T13:09:39.928+0000] {dag.py:3047} INFO - Sync 1 DAGs
[2024-04-01T13:09:39.944+0000] {logging_mixin.py:188} INFO - [2024-04-01T13:09:39.943+0000] {dag.py:3834} INFO - Setting next_dagrun for show_module_version to None, run_after=None
[2024-04-01T13:09:39.960+0000] {processor.py:183} INFO - Processing /opt/airflow/dags/show_module_version.py took 0.121 seconds
[2024-04-01T13:10:10.632+0000] {processor.py:161} INFO - Started process (PID=52) to work on /opt/airflow/dags/show_module_version.py
[2024-04-01T13:10:10.635+0000] {processor.py:830} INFO - Processing file /opt/airflow/dags/show_module_version.py for tasks to queue
[2024-04-01T13:10:10.638+0000] {logging_mixin.py:188} INFO - [2024-04-01T13:10:10.638+0000] {dagbag.py:540} INFO - Filling up the DagBag from /opt/airflow/dags/show_module_version.py
[2024-04-01T13:10:10.655+0000] {processor.py:840} INFO - DAG(s) 'show_module_version' retrieved from /opt/airflow/dags/show_module_version.py
[2024-04-01T13:10:10.699+0000] {logging_mixin.py:188} INFO - [2024-04-01T13:10:10.698+0000] {dag.py:3047} INFO - Sync 1 DAGs
[2024-04-01T13:10:10.707+0000] {logging_mixin.py:188} INFO - [2024-04-01T13:10:10.707+0000] {dag.py:3834} INFO - Setting next_dagrun for show_module_version to None, run_after=None
[2024-04-01T13:10:10.725+0000] {processor.py:183} INFO - Processing /opt/airflow/dags/show_module_version.py took 0.101 seconds
[2024-04-01T13:10:41.112+0000] {processor.py:161} INFO - Started process (PID=61) to work on /opt/airflow/dags/show_module_version.py
[2024-04-01T13:10:41.113+0000] {processor.py:830} INFO - Processing file /opt/airflow/dags/show_module_version.py for tasks to queue
[2024-04-01T13:10:41.114+0000] {logging_mixin.py:188} INFO - [2024-04-01T13:10:41.114+0000] {dagbag.py:540} INFO - Filling up the DagBag from /opt/airflow/dags/show_module_version.py
[2024-04-01T13:10:41.144+0000] {processor.py:840} INFO - DAG(s) 'show_module_version' retrieved from /opt/airflow/dags/show_module_version.py
[2024-04-01T13:10:41.177+0000] {logging_mixin.py:188} INFO - [2024-04-01T13:10:41.177+0000] {dag.py:3047} INFO - Sync 1 DAGs
[2024-04-01T13:10:41.192+0000] {logging_mixin.py:188} INFO - [2024-04-01T13:10:41.192+0000] {dag.py:3834} INFO - Setting next_dagrun for show_module_version to None, run_after=None
[2024-04-01T13:10:41.212+0000] {processor.py:183} INFO - Processing /opt/airflow/dags/show_module_version.py took 0.105 seconds
[2024-04-01T13:11:11.689+0000] {processor.py:161} INFO - Started process (PID=70) to work on /opt/airflow/dags/show_module_version.py
[2024-04-01T13:11:11.695+0000] {processor.py:830} INFO - Processing file /opt/airflow/dags/show_module_version.py for tasks to queue
[2024-04-01T13:11:11.705+0000] {logging_mixin.py:188} INFO - [2024-04-01T13:11:11.702+0000] {dagbag.py:540} INFO - Filling up the DagBag from /opt/airflow/dags/show_module_version.py
[2024-04-01T13:11:11.727+0000] {processor.py:840} INFO - DAG(s) 'show_module_version' retrieved from /opt/airflow/dags/show_module_version.py
[2024-04-01T13:11:11.750+0000] {logging_mixin.py:188} INFO - [2024-04-01T13:11:11.750+0000] {dag.py:3047} INFO - Sync 1 DAGs
[2024-04-01T13:11:11.759+0000] {logging_mixin.py:188} INFO - [2024-04-01T13:11:11.759+0000] {dag.py:3834} INFO - Setting next_dagrun for show_module_version to None, run_after=None
[2024-04-01T13:11:11.772+0000] {processor.py:183} INFO - Processing /opt/airflow/dags/show_module_version.py took 0.087 seconds
[2024-04-01T13:11:42.206+0000] {processor.py:161} INFO - Started process (PID=79) to work on /opt/airflow/dags/show_module_version.py
[2024-04-01T13:11:42.208+0000] {processor.py:830} INFO - Processing file /opt/airflow/dags/show_module_version.py for tasks to queue
[2024-04-01T13:11:42.209+0000] {logging_mixin.py:188} INFO - [2024-04-01T13:11:42.209+0000] {dagbag.py:540} INFO - Filling up the DagBag from /opt/airflow/dags/show_module_version.py
[2024-04-01T13:11:42.221+0000] {processor.py:840} INFO - DAG(s) 'show_module_version' retrieved from /opt/airflow/dags/show_module_version.py
[2024-04-01T13:11:42.244+0000] {logging_mixin.py:188} INFO - [2024-04-01T13:11:42.244+0000] {dag.py:3047} INFO - Sync 1 DAGs
[2024-04-01T13:11:42.252+0000] {logging_mixin.py:188} INFO - [2024-04-01T13:11:42.252+0000] {dag.py:3834} INFO - Setting next_dagrun for show_module_version to None, run_after=None
[2024-04-01T13:11:42.263+0000] {processor.py:183} INFO - Processing /opt/airflow/dags/show_module_version.py took 0.063 seconds
[2024-04-01T13:12:12.783+0000] {processor.py:161} INFO - Started process (PID=88) to work on /opt/airflow/dags/show_module_version.py
[2024-04-01T13:12:12.785+0000] {processor.py:830} INFO - Processing file /opt/airflow/dags/show_module_version.py for tasks to queue
[2024-04-01T13:12:12.786+0000] {logging_mixin.py:188} INFO - [2024-04-01T13:12:12.786+0000] {dagbag.py:540} INFO - Filling up the DagBag from /opt/airflow/dags/show_module_version.py
[2024-04-01T13:12:12.796+0000] {processor.py:840} INFO - DAG(s) 'show_module_version' retrieved from /opt/airflow/dags/show_module_version.py
[2024-04-01T13:12:12.836+0000] {logging_mixin.py:188} INFO - [2024-04-01T13:12:12.836+0000] {dag.py:3047} INFO - Sync 1 DAGs
[2024-04-01T13:12:12.846+0000] {logging_mixin.py:188} INFO - [2024-04-01T13:12:12.846+0000] {dag.py:3834} INFO - Setting next_dagrun for show_module_version to None, run_after=None
[2024-04-01T13:12:12.856+0000] {processor.py:183} INFO - Processing /opt/airflow/dags/show_module_version.py took 0.077 seconds
[2024-04-01T13:12:43.247+0000] {processor.py:161} INFO - Started process (PID=97) to work on /opt/airflow/dags/show_module_version.py
[2024-04-01T13:12:43.249+0000] {processor.py:830} INFO - Processing file /opt/airflow/dags/show_module_version.py for tasks to queue
[2024-04-01T13:12:43.252+0000] {logging_mixin.py:188} INFO - [2024-04-01T13:12:43.252+0000] {dagbag.py:540} INFO - Filling up the DagBag from /opt/airflow/dags/show_module_version.py
[2024-04-01T13:12:43.264+0000] {processor.py:840} INFO - DAG(s) 'show_module_version' retrieved from /opt/airflow/dags/show_module_version.py
[2024-04-01T13:12:43.305+0000] {logging_mixin.py:188} INFO - [2024-04-01T13:12:43.305+0000] {dag.py:3047} INFO - Sync 1 DAGs
[2024-04-01T13:12:43.314+0000] {logging_mixin.py:188} INFO - [2024-04-01T13:12:43.314+0000] {dag.py:3834} INFO - Setting next_dagrun for show_module_version to None, run_after=None
[2024-04-01T13:12:43.324+0000] {processor.py:183} INFO - Processing /opt/airflow/dags/show_module_version.py took 0.082 seconds
[2024-04-01T13:13:13.687+0000] {processor.py:161} INFO - Started process (PID=106) to work on /opt/airflow/dags/show_module_version.py
[2024-04-01T13:13:13.688+0000] {processor.py:830} INFO - Processing file /opt/airflow/dags/show_module_version.py for tasks to queue
[2024-04-01T13:13:13.690+0000] {logging_mixin.py:188} INFO - [2024-04-01T13:13:13.689+0000] {dagbag.py:540} INFO - Filling up the DagBag from /opt/airflow/dags/show_module_version.py
[2024-04-01T13:13:13.698+0000] {processor.py:840} INFO - DAG(s) 'show_module_version' retrieved from /opt/airflow/dags/show_module_version.py
[2024-04-01T13:13:13.725+0000] {logging_mixin.py:188} INFO - [2024-04-01T13:13:13.725+0000] {dag.py:3047} INFO - Sync 1 DAGs
[2024-04-01T13:13:13.735+0000] {logging_mixin.py:188} INFO - [2024-04-01T13:13:13.735+0000] {dag.py:3834} INFO - Setting next_dagrun for show_module_version to None, run_after=None
[2024-04-01T13:13:13.745+0000] {processor.py:183} INFO - Processing /opt/airflow/dags/show_module_version.py took 0.061 seconds
[2024-04-01T13:13:44.158+0000] {processor.py:161} INFO - Started process (PID=115) to work on /opt/airflow/dags/show_module_version.py
[2024-04-01T13:13:44.160+0000] {processor.py:830} INFO - Processing file /opt/airflow/dags/show_module_version.py for tasks to queue
[2024-04-01T13:13:44.161+0000] {logging_mixin.py:188} INFO - [2024-04-01T13:13:44.161+0000] {dagbag.py:540} INFO - Filling up the DagBag from /opt/airflow/dags/show_module_version.py
[2024-04-01T13:13:44.168+0000] {processor.py:840} INFO - DAG(s) 'show_module_version' retrieved from /opt/airflow/dags/show_module_version.py
[2024-04-01T13:13:44.198+0000] {logging_mixin.py:188} INFO - [2024-04-01T13:13:44.198+0000] {dag.py:3047} INFO - Sync 1 DAGs
[2024-04-01T13:13:44.206+0000] {logging_mixin.py:188} INFO - [2024-04-01T13:13:44.206+0000] {dag.py:3834} INFO - Setting next_dagrun for show_module_version to None, run_after=None
[2024-04-01T13:13:44.216+0000] {processor.py:183} INFO - Processing /opt/airflow/dags/show_module_version.py took 0.061 seconds
[2024-04-01T13:14:14.723+0000] {processor.py:161} INFO - Started process (PID=124) to work on /opt/airflow/dags/show_module_version.py
[2024-04-01T13:14:14.724+0000] {processor.py:830} INFO - Processing file /opt/airflow/dags/show_module_version.py for tasks to queue
[2024-04-01T13:14:14.727+0000] {logging_mixin.py:188} INFO - [2024-04-01T13:14:14.727+0000] {dagbag.py:540} INFO - Filling up the DagBag from /opt/airflow/dags/show_module_version.py
[2024-04-01T13:14:14.741+0000] {processor.py:840} INFO - DAG(s) 'show_module_version' retrieved from /opt/airflow/dags/show_module_version.py
[2024-04-01T13:14:14.767+0000] {logging_mixin.py:188} INFO - [2024-04-01T13:14:14.767+0000] {dag.py:3047} INFO - Sync 1 DAGs
[2024-04-01T13:14:14.787+0000] {logging_mixin.py:188} INFO - [2024-04-01T13:14:14.787+0000] {dag.py:3834} INFO - Setting next_dagrun for show_module_version to None, run_after=None
[2024-04-01T13:14:14.805+0000] {processor.py:183} INFO - Processing /opt/airflow/dags/show_module_version.py took 0.086 seconds
[2024-04-01T13:14:45.320+0000] {processor.py:161} INFO - Started process (PID=133) to work on /opt/airflow/dags/show_module_version.py
[2024-04-01T13:14:45.322+0000] {processor.py:830} INFO - Processing file /opt/airflow/dags/show_module_version.py for tasks to queue
[2024-04-01T13:14:45.327+0000] {logging_mixin.py:188} INFO - [2024-04-01T13:14:45.327+0000] {dagbag.py:540} INFO - Filling up the DagBag from /opt/airflow/dags/show_module_version.py
[2024-04-01T13:14:45.349+0000] {processor.py:840} INFO - DAG(s) 'show_module_version' retrieved from /opt/airflow/dags/show_module_version.py
[2024-04-01T13:14:45.376+0000] {logging_mixin.py:188} INFO - [2024-04-01T13:14:45.376+0000] {dag.py:3047} INFO - Sync 1 DAGs
[2024-04-01T13:14:45.387+0000] {logging_mixin.py:188} INFO - [2024-04-01T13:14:45.387+0000] {dag.py:3834} INFO - Setting next_dagrun for show_module_version to None, run_after=None
[2024-04-01T13:14:45.396+0000] {processor.py:183} INFO - Processing /opt/airflow/dags/show_module_version.py took 0.090 seconds
[2024-04-01T13:15:15.721+0000] {processor.py:161} INFO - Started process (PID=142) to work on /opt/airflow/dags/show_module_version.py
[2024-04-01T13:15:15.724+0000] {processor.py:830} INFO - Processing file /opt/airflow/dags/show_module_version.py for tasks to queue
[2024-04-01T13:15:15.726+0000] {logging_mixin.py:188} INFO - [2024-04-01T13:15:15.726+0000] {dagbag.py:540} INFO - Filling up the DagBag from /opt/airflow/dags/show_module_version.py
[2024-04-01T13:15:15.741+0000] {processor.py:840} INFO - DAG(s) 'show_module_version' retrieved from /opt/airflow/dags/show_module_version.py
[2024-04-01T13:15:15.787+0000] {logging_mixin.py:188} INFO - [2024-04-01T13:15:15.786+0000] {dag.py:3047} INFO - Sync 1 DAGs
[2024-04-01T13:15:15.797+0000] {logging_mixin.py:188} INFO - [2024-04-01T13:15:15.797+0000] {dag.py:3834} INFO - Setting next_dagrun for show_module_version to None, run_after=None
[2024-04-01T13:15:15.806+0000] {processor.py:183} INFO - Processing /opt/airflow/dags/show_module_version.py took 0.090 seconds
[2024-04-01T13:15:46.310+0000] {processor.py:161} INFO - Started process (PID=151) to work on /opt/airflow/dags/show_module_version.py
[2024-04-01T13:15:46.311+0000] {processor.py:830} INFO - Processing file /opt/airflow/dags/show_module_version.py for tasks to queue
[2024-04-01T13:15:46.314+0000] {logging_mixin.py:188} INFO - [2024-04-01T13:15:46.314+0000] {dagbag.py:540} INFO - Filling up the DagBag from /opt/airflow/dags/show_module_version.py
[2024-04-01T13:15:46.330+0000] {processor.py:840} INFO - DAG(s) 'show_module_version' retrieved from /opt/airflow/dags/show_module_version.py
[2024-04-01T13:15:46.385+0000] {logging_mixin.py:188} INFO - [2024-04-01T13:15:46.384+0000] {dag.py:3047} INFO - Sync 1 DAGs
[2024-04-01T13:15:46.407+0000] {logging_mixin.py:188} INFO - [2024-04-01T13:15:46.407+0000] {dag.py:3834} INFO - Setting next_dagrun for show_module_version to None, run_after=None
[2024-04-01T13:15:46.417+0000] {processor.py:183} INFO - Processing /opt/airflow/dags/show_module_version.py took 0.115 seconds
