[2024-03-31T17:28:07.935+0000] {processor.py:161} INFO - Started process (PID=593) to work on /opt/airflow/dags/aaa.py
[2024-03-31T17:28:07.937+0000] {processor.py:830} INFO - Processing file /opt/airflow/dags/aaa.py for tasks to queue
[2024-03-31T17:28:07.941+0000] {logging_mixin.py:188} INFO - [2024-03-31T17:28:07.941+0000] {dagbag.py:540} INFO - Filling up the DagBag from /opt/airflow/dags/aaa.py
[2024-03-31T17:28:07.953+0000] {processor.py:840} INFO - DAG(s) 'a_new_filee' retrieved from /opt/airflow/dags/aaa.py
[2024-03-31T17:28:08.022+0000] {logging_mixin.py:188} INFO - [2024-03-31T17:28:08.021+0000] {override.py:1769} INFO - Created Permission View: can edit on DAG:a_new_filee
[2024-03-31T17:28:08.027+0000] {logging_mixin.py:188} INFO - [2024-03-31T17:28:08.026+0000] {override.py:1769} INFO - Created Permission View: can delete on DAG:a_new_filee
[2024-03-31T17:28:08.029+0000] {logging_mixin.py:188} INFO - [2024-03-31T17:28:08.029+0000] {override.py:1769} INFO - Created Permission View: can read on DAG:a_new_filee
[2024-03-31T17:28:08.029+0000] {logging_mixin.py:188} INFO - [2024-03-31T17:28:08.029+0000] {dag.py:3047} INFO - Sync 1 DAGs
[2024-03-31T17:28:08.039+0000] {logging_mixin.py:188} INFO - [2024-03-31T17:28:08.038+0000] {dag.py:3069} INFO - Creating ORM DAG for a_new_filee
[2024-03-31T17:28:08.045+0000] {logging_mixin.py:188} INFO - [2024-03-31T17:28:08.045+0000] {dag.py:3834} INFO - Setting next_dagrun for a_new_filee to 2024-03-30 00:00:00+00:00, run_after=2024-03-31 00:00:00+00:00
[2024-03-31T17:28:08.054+0000] {processor.py:183} INFO - Processing /opt/airflow/dags/aaa.py took 0.128 seconds
[2024-03-31T17:28:38.905+0000] {processor.py:161} INFO - Started process (PID=650) to work on /opt/airflow/dags/aaa.py
[2024-03-31T17:28:38.907+0000] {processor.py:830} INFO - Processing file /opt/airflow/dags/aaa.py for tasks to queue
[2024-03-31T17:28:38.912+0000] {logging_mixin.py:188} INFO - [2024-03-31T17:28:38.911+0000] {dagbag.py:540} INFO - Filling up the DagBag from /opt/airflow/dags/aaa.py
[2024-03-31T17:28:38.924+0000] {processor.py:840} INFO - DAG(s) 'a_new_filee' retrieved from /opt/airflow/dags/aaa.py
[2024-03-31T17:28:38.943+0000] {logging_mixin.py:188} INFO - [2024-03-31T17:28:38.943+0000] {dag.py:3047} INFO - Sync 1 DAGs
[2024-03-31T17:28:38.957+0000] {logging_mixin.py:188} INFO - [2024-03-31T17:28:38.957+0000] {dag.py:3834} INFO - Setting next_dagrun for a_new_filee to 2024-03-30 00:00:00+00:00, run_after=2024-03-31 00:00:00+00:00
[2024-03-31T17:28:38.966+0000] {processor.py:183} INFO - Processing /opt/airflow/dags/aaa.py took 0.070 seconds
[2024-03-31T17:29:09.623+0000] {processor.py:161} INFO - Started process (PID=707) to work on /opt/airflow/dags/aaa.py
[2024-03-31T17:29:09.625+0000] {processor.py:830} INFO - Processing file /opt/airflow/dags/aaa.py for tasks to queue
[2024-03-31T17:29:09.628+0000] {logging_mixin.py:188} INFO - [2024-03-31T17:29:09.628+0000] {dagbag.py:540} INFO - Filling up the DagBag from /opt/airflow/dags/aaa.py
[2024-03-31T17:29:09.659+0000] {processor.py:840} INFO - DAG(s) 'a_new_filee' retrieved from /opt/airflow/dags/aaa.py
[2024-03-31T17:29:09.682+0000] {logging_mixin.py:188} INFO - [2024-03-31T17:29:09.681+0000] {dag.py:3047} INFO - Sync 1 DAGs
[2024-03-31T17:29:09.696+0000] {logging_mixin.py:188} INFO - [2024-03-31T17:29:09.696+0000] {dag.py:3834} INFO - Setting next_dagrun for a_new_filee to 2024-03-30 00:00:00+00:00, run_after=2024-03-31 00:00:00+00:00
[2024-03-31T17:29:09.706+0000] {processor.py:183} INFO - Processing /opt/airflow/dags/aaa.py took 0.091 seconds
[2024-03-31T17:29:39.900+0000] {processor.py:161} INFO - Started process (PID=764) to work on /opt/airflow/dags/aaa.py
[2024-03-31T17:29:39.902+0000] {processor.py:830} INFO - Processing file /opt/airflow/dags/aaa.py for tasks to queue
[2024-03-31T17:29:39.907+0000] {logging_mixin.py:188} INFO - [2024-03-31T17:29:39.906+0000] {dagbag.py:540} INFO - Filling up the DagBag from /opt/airflow/dags/aaa.py
[2024-03-31T17:29:39.919+0000] {processor.py:840} INFO - DAG(s) 'a_new_filee' retrieved from /opt/airflow/dags/aaa.py
[2024-03-31T17:29:39.961+0000] {logging_mixin.py:188} INFO - [2024-03-31T17:29:39.961+0000] {dag.py:3047} INFO - Sync 1 DAGs
[2024-03-31T17:29:39.976+0000] {logging_mixin.py:188} INFO - [2024-03-31T17:29:39.976+0000] {dag.py:3834} INFO - Setting next_dagrun for a_new_filee to 2024-03-30 00:00:00+00:00, run_after=2024-03-31 00:00:00+00:00
[2024-03-31T17:29:39.985+0000] {processor.py:183} INFO - Processing /opt/airflow/dags/aaa.py took 0.089 seconds
[2024-03-31T17:30:10.289+0000] {processor.py:161} INFO - Started process (PID=821) to work on /opt/airflow/dags/aaa.py
[2024-03-31T17:30:10.290+0000] {processor.py:830} INFO - Processing file /opt/airflow/dags/aaa.py for tasks to queue
[2024-03-31T17:30:10.292+0000] {logging_mixin.py:188} INFO - [2024-03-31T17:30:10.292+0000] {dagbag.py:540} INFO - Filling up the DagBag from /opt/airflow/dags/aaa.py
[2024-03-31T17:30:10.301+0000] {processor.py:840} INFO - DAG(s) 'a_new_filee' retrieved from /opt/airflow/dags/aaa.py
[2024-03-31T17:30:10.327+0000] {logging_mixin.py:188} INFO - [2024-03-31T17:30:10.327+0000] {dag.py:3047} INFO - Sync 1 DAGs
[2024-03-31T17:30:10.343+0000] {logging_mixin.py:188} INFO - [2024-03-31T17:30:10.343+0000] {dag.py:3834} INFO - Setting next_dagrun for a_new_filee to 2024-03-30 00:00:00+00:00, run_after=2024-03-31 00:00:00+00:00
[2024-03-31T17:30:10.352+0000] {processor.py:183} INFO - Processing /opt/airflow/dags/aaa.py took 0.074 seconds
[2024-03-31T17:30:41.143+0000] {processor.py:161} INFO - Started process (PID=878) to work on /opt/airflow/dags/aaa.py
[2024-03-31T17:30:41.144+0000] {processor.py:830} INFO - Processing file /opt/airflow/dags/aaa.py for tasks to queue
[2024-03-31T17:30:41.147+0000] {logging_mixin.py:188} INFO - [2024-03-31T17:30:41.146+0000] {dagbag.py:540} INFO - Filling up the DagBag from /opt/airflow/dags/aaa.py
[2024-03-31T17:30:41.171+0000] {processor.py:840} INFO - DAG(s) 'a_new_filee' retrieved from /opt/airflow/dags/aaa.py
[2024-03-31T17:30:41.191+0000] {logging_mixin.py:188} INFO - [2024-03-31T17:30:41.191+0000] {dag.py:3047} INFO - Sync 1 DAGs
[2024-03-31T17:30:41.207+0000] {logging_mixin.py:188} INFO - [2024-03-31T17:30:41.206+0000] {dag.py:3834} INFO - Setting next_dagrun for a_new_filee to 2024-03-30 00:00:00+00:00, run_after=2024-03-31 00:00:00+00:00
[2024-03-31T17:30:41.217+0000] {processor.py:183} INFO - Processing /opt/airflow/dags/aaa.py took 0.078 seconds
[2024-03-31T17:31:11.379+0000] {processor.py:161} INFO - Started process (PID=935) to work on /opt/airflow/dags/aaa.py
[2024-03-31T17:31:11.380+0000] {processor.py:830} INFO - Processing file /opt/airflow/dags/aaa.py for tasks to queue
[2024-03-31T17:31:11.383+0000] {logging_mixin.py:188} INFO - [2024-03-31T17:31:11.382+0000] {dagbag.py:540} INFO - Filling up the DagBag from /opt/airflow/dags/aaa.py
[2024-03-31T17:31:11.392+0000] {processor.py:840} INFO - DAG(s) 'a_new_filee' retrieved from /opt/airflow/dags/aaa.py
[2024-03-31T17:31:11.418+0000] {logging_mixin.py:188} INFO - [2024-03-31T17:31:11.418+0000] {dag.py:3047} INFO - Sync 1 DAGs
[2024-03-31T17:31:11.432+0000] {logging_mixin.py:188} INFO - [2024-03-31T17:31:11.432+0000] {dag.py:3834} INFO - Setting next_dagrun for a_new_filee to 2024-03-30 00:00:00+00:00, run_after=2024-03-31 00:00:00+00:00
[2024-03-31T17:31:11.441+0000] {processor.py:183} INFO - Processing /opt/airflow/dags/aaa.py took 0.067 seconds
[2024-03-31T17:31:41.559+0000] {processor.py:161} INFO - Started process (PID=992) to work on /opt/airflow/dags/aaa.py
[2024-03-31T17:31:41.560+0000] {processor.py:830} INFO - Processing file /opt/airflow/dags/aaa.py for tasks to queue
[2024-03-31T17:31:41.564+0000] {logging_mixin.py:188} INFO - [2024-03-31T17:31:41.563+0000] {dagbag.py:540} INFO - Filling up the DagBag from /opt/airflow/dags/aaa.py
[2024-03-31T17:31:41.581+0000] {processor.py:840} INFO - DAG(s) 'a_new_filee' retrieved from /opt/airflow/dags/aaa.py
[2024-03-31T17:31:41.618+0000] {logging_mixin.py:188} INFO - [2024-03-31T17:31:41.617+0000] {dag.py:3047} INFO - Sync 1 DAGs
[2024-03-31T17:31:41.637+0000] {logging_mixin.py:188} INFO - [2024-03-31T17:31:41.637+0000] {dag.py:3834} INFO - Setting next_dagrun for a_new_filee to 2024-03-30 00:00:00+00:00, run_after=2024-03-31 00:00:00+00:00
[2024-03-31T17:31:41.646+0000] {processor.py:183} INFO - Processing /opt/airflow/dags/aaa.py took 0.092 seconds
[2024-03-31T17:32:11.741+0000] {processor.py:161} INFO - Started process (PID=1049) to work on /opt/airflow/dags/aaa.py
[2024-03-31T17:32:11.743+0000] {processor.py:830} INFO - Processing file /opt/airflow/dags/aaa.py for tasks to queue
[2024-03-31T17:32:11.747+0000] {logging_mixin.py:188} INFO - [2024-03-31T17:32:11.747+0000] {dagbag.py:540} INFO - Filling up the DagBag from /opt/airflow/dags/aaa.py
[2024-03-31T17:32:11.762+0000] {processor.py:840} INFO - DAG(s) 'a_new_filee' retrieved from /opt/airflow/dags/aaa.py
[2024-03-31T17:32:11.799+0000] {logging_mixin.py:188} INFO - [2024-03-31T17:32:11.798+0000] {dag.py:3047} INFO - Sync 1 DAGs
[2024-03-31T17:32:11.816+0000] {logging_mixin.py:188} INFO - [2024-03-31T17:32:11.816+0000] {dag.py:3834} INFO - Setting next_dagrun for a_new_filee to 2024-03-30 00:00:00+00:00, run_after=2024-03-31 00:00:00+00:00
[2024-03-31T17:32:11.827+0000] {processor.py:183} INFO - Processing /opt/airflow/dags/aaa.py took 0.091 seconds
[2024-03-31T17:32:42.149+0000] {processor.py:161} INFO - Started process (PID=1106) to work on /opt/airflow/dags/aaa.py
[2024-03-31T17:32:42.150+0000] {processor.py:830} INFO - Processing file /opt/airflow/dags/aaa.py for tasks to queue
[2024-03-31T17:32:42.152+0000] {logging_mixin.py:188} INFO - [2024-03-31T17:32:42.152+0000] {dagbag.py:540} INFO - Filling up the DagBag from /opt/airflow/dags/aaa.py
[2024-03-31T17:32:42.161+0000] {processor.py:840} INFO - DAG(s) 'a_new_filee' retrieved from /opt/airflow/dags/aaa.py
[2024-03-31T17:32:42.203+0000] {logging_mixin.py:188} INFO - [2024-03-31T17:32:42.202+0000] {dag.py:3047} INFO - Sync 1 DAGs
[2024-03-31T17:32:42.219+0000] {logging_mixin.py:188} INFO - [2024-03-31T17:32:42.219+0000] {dag.py:3834} INFO - Setting next_dagrun for a_new_filee to 2024-03-30 00:00:00+00:00, run_after=2024-03-31 00:00:00+00:00
[2024-03-31T17:32:42.229+0000] {processor.py:183} INFO - Processing /opt/airflow/dags/aaa.py took 0.084 seconds
[2024-03-31T17:33:12.316+0000] {processor.py:161} INFO - Started process (PID=1163) to work on /opt/airflow/dags/aaa.py
[2024-03-31T17:33:12.317+0000] {processor.py:830} INFO - Processing file /opt/airflow/dags/aaa.py for tasks to queue
[2024-03-31T17:33:12.320+0000] {logging_mixin.py:188} INFO - [2024-03-31T17:33:12.319+0000] {dagbag.py:540} INFO - Filling up the DagBag from /opt/airflow/dags/aaa.py
[2024-03-31T17:33:12.331+0000] {processor.py:840} INFO - DAG(s) 'a_new_filee' retrieved from /opt/airflow/dags/aaa.py
[2024-03-31T17:33:12.386+0000] {logging_mixin.py:188} INFO - [2024-03-31T17:33:12.386+0000] {dag.py:3047} INFO - Sync 1 DAGs
[2024-03-31T17:33:12.403+0000] {logging_mixin.py:188} INFO - [2024-03-31T17:33:12.403+0000] {dag.py:3834} INFO - Setting next_dagrun for a_new_filee to 2024-03-30 00:00:00+00:00, run_after=2024-03-31 00:00:00+00:00
[2024-03-31T17:33:12.412+0000] {processor.py:183} INFO - Processing /opt/airflow/dags/aaa.py took 0.101 seconds
[2024-03-31T17:33:42.469+0000] {processor.py:161} INFO - Started process (PID=1220) to work on /opt/airflow/dags/aaa.py
[2024-03-31T17:33:42.470+0000] {processor.py:830} INFO - Processing file /opt/airflow/dags/aaa.py for tasks to queue
[2024-03-31T17:33:42.473+0000] {logging_mixin.py:188} INFO - [2024-03-31T17:33:42.472+0000] {dagbag.py:540} INFO - Filling up the DagBag from /opt/airflow/dags/aaa.py
[2024-03-31T17:33:42.481+0000] {processor.py:840} INFO - DAG(s) 'a_new_filee' retrieved from /opt/airflow/dags/aaa.py
[2024-03-31T17:33:42.508+0000] {logging_mixin.py:188} INFO - [2024-03-31T17:33:42.508+0000] {dag.py:3047} INFO - Sync 1 DAGs
[2024-03-31T17:33:42.519+0000] {logging_mixin.py:188} INFO - [2024-03-31T17:33:42.518+0000] {dag.py:3834} INFO - Setting next_dagrun for a_new_filee to 2024-03-30 00:00:00+00:00, run_after=2024-03-31 00:00:00+00:00
[2024-03-31T17:33:42.527+0000] {processor.py:183} INFO - Processing /opt/airflow/dags/aaa.py took 0.062 seconds
[2024-03-31T17:34:12.753+0000] {processor.py:161} INFO - Started process (PID=1277) to work on /opt/airflow/dags/aaa.py
[2024-03-31T17:34:12.754+0000] {processor.py:830} INFO - Processing file /opt/airflow/dags/aaa.py for tasks to queue
[2024-03-31T17:34:12.756+0000] {logging_mixin.py:188} INFO - [2024-03-31T17:34:12.756+0000] {dagbag.py:540} INFO - Filling up the DagBag from /opt/airflow/dags/aaa.py
[2024-03-31T17:34:12.766+0000] {processor.py:840} INFO - DAG(s) 'a_new_filee' retrieved from /opt/airflow/dags/aaa.py
[2024-03-31T17:34:12.805+0000] {logging_mixin.py:188} INFO - [2024-03-31T17:34:12.805+0000] {dag.py:3047} INFO - Sync 1 DAGs
[2024-03-31T17:34:12.836+0000] {logging_mixin.py:188} INFO - [2024-03-31T17:34:12.835+0000] {dag.py:3834} INFO - Setting next_dagrun for a_new_filee to 2024-03-30 00:00:00+00:00, run_after=2024-03-31 00:00:00+00:00
[2024-03-31T17:34:12.845+0000] {processor.py:183} INFO - Processing /opt/airflow/dags/aaa.py took 0.099 seconds
[2024-03-31T17:34:43.054+0000] {processor.py:161} INFO - Started process (PID=1334) to work on /opt/airflow/dags/aaa.py
[2024-03-31T17:34:43.055+0000] {processor.py:830} INFO - Processing file /opt/airflow/dags/aaa.py for tasks to queue
[2024-03-31T17:34:43.058+0000] {logging_mixin.py:188} INFO - [2024-03-31T17:34:43.057+0000] {dagbag.py:540} INFO - Filling up the DagBag from /opt/airflow/dags/aaa.py
[2024-03-31T17:34:43.065+0000] {processor.py:840} INFO - DAG(s) 'a_new_filee' retrieved from /opt/airflow/dags/aaa.py
[2024-03-31T17:34:43.079+0000] {logging_mixin.py:188} INFO - [2024-03-31T17:34:43.079+0000] {dag.py:3047} INFO - Sync 1 DAGs
[2024-03-31T17:34:43.093+0000] {logging_mixin.py:188} INFO - [2024-03-31T17:34:43.093+0000] {dag.py:3834} INFO - Setting next_dagrun for a_new_filee to 2024-03-30 00:00:00+00:00, run_after=2024-03-31 00:00:00+00:00
[2024-03-31T17:34:43.102+0000] {processor.py:183} INFO - Processing /opt/airflow/dags/aaa.py took 0.053 seconds
[2024-03-31T17:35:13.398+0000] {processor.py:161} INFO - Started process (PID=1391) to work on /opt/airflow/dags/aaa.py
[2024-03-31T17:35:13.398+0000] {processor.py:830} INFO - Processing file /opt/airflow/dags/aaa.py for tasks to queue
[2024-03-31T17:35:13.400+0000] {logging_mixin.py:188} INFO - [2024-03-31T17:35:13.399+0000] {dagbag.py:540} INFO - Filling up the DagBag from /opt/airflow/dags/aaa.py
[2024-03-31T17:35:13.405+0000] {processor.py:840} INFO - DAG(s) 'a_new_filee' retrieved from /opt/airflow/dags/aaa.py
[2024-03-31T17:35:13.416+0000] {logging_mixin.py:188} INFO - [2024-03-31T17:35:13.416+0000] {dag.py:3047} INFO - Sync 1 DAGs
[2024-03-31T17:35:13.426+0000] {logging_mixin.py:188} INFO - [2024-03-31T17:35:13.426+0000] {dag.py:3834} INFO - Setting next_dagrun for a_new_filee to 2024-03-30 00:00:00+00:00, run_after=2024-03-31 00:00:00+00:00
[2024-03-31T17:35:13.433+0000] {processor.py:183} INFO - Processing /opt/airflow/dags/aaa.py took 0.038 seconds
[2024-03-31T17:35:43.521+0000] {processor.py:161} INFO - Started process (PID=1448) to work on /opt/airflow/dags/aaa.py
[2024-03-31T17:35:43.522+0000] {processor.py:830} INFO - Processing file /opt/airflow/dags/aaa.py for tasks to queue
[2024-03-31T17:35:43.524+0000] {logging_mixin.py:188} INFO - [2024-03-31T17:35:43.524+0000] {dagbag.py:540} INFO - Filling up the DagBag from /opt/airflow/dags/aaa.py
[2024-03-31T17:35:43.534+0000] {processor.py:840} INFO - DAG(s) 'a_new_filee' retrieved from /opt/airflow/dags/aaa.py
[2024-03-31T17:35:43.555+0000] {logging_mixin.py:188} INFO - [2024-03-31T17:35:43.554+0000] {dag.py:3047} INFO - Sync 1 DAGs
[2024-03-31T17:35:43.580+0000] {logging_mixin.py:188} INFO - [2024-03-31T17:35:43.580+0000] {dag.py:3834} INFO - Setting next_dagrun for a_new_filee to 2024-03-30 00:00:00+00:00, run_after=2024-03-31 00:00:00+00:00
[2024-03-31T17:35:43.592+0000] {processor.py:183} INFO - Processing /opt/airflow/dags/aaa.py took 0.076 seconds
[2024-03-31T17:36:13.777+0000] {processor.py:161} INFO - Started process (PID=1505) to work on /opt/airflow/dags/aaa.py
[2024-03-31T17:36:13.780+0000] {processor.py:830} INFO - Processing file /opt/airflow/dags/aaa.py for tasks to queue
[2024-03-31T17:36:13.782+0000] {logging_mixin.py:188} INFO - [2024-03-31T17:36:13.782+0000] {dagbag.py:540} INFO - Filling up the DagBag from /opt/airflow/dags/aaa.py
[2024-03-31T17:36:13.790+0000] {processor.py:840} INFO - DAG(s) 'a_new_filee' retrieved from /opt/airflow/dags/aaa.py
[2024-03-31T17:36:13.803+0000] {logging_mixin.py:188} INFO - [2024-03-31T17:36:13.803+0000] {dag.py:3047} INFO - Sync 1 DAGs
[2024-03-31T17:36:13.815+0000] {logging_mixin.py:188} INFO - [2024-03-31T17:36:13.815+0000] {dag.py:3834} INFO - Setting next_dagrun for a_new_filee to 2024-03-30 00:00:00+00:00, run_after=2024-03-31 00:00:00+00:00
[2024-03-31T17:36:13.825+0000] {processor.py:183} INFO - Processing /opt/airflow/dags/aaa.py took 0.050 seconds
[2024-03-31T17:36:44.654+0000] {processor.py:161} INFO - Started process (PID=1560) to work on /opt/airflow/dags/aaa.py
[2024-03-31T17:36:44.656+0000] {processor.py:830} INFO - Processing file /opt/airflow/dags/aaa.py for tasks to queue
[2024-03-31T17:36:44.660+0000] {logging_mixin.py:188} INFO - [2024-03-31T17:36:44.659+0000] {dagbag.py:540} INFO - Filling up the DagBag from /opt/airflow/dags/aaa.py
[2024-03-31T17:36:44.694+0000] {processor.py:840} INFO - DAG(s) 'a_new_filee' retrieved from /opt/airflow/dags/aaa.py
[2024-03-31T17:36:44.717+0000] {logging_mixin.py:188} INFO - [2024-03-31T17:36:44.717+0000] {dag.py:3047} INFO - Sync 1 DAGs
[2024-03-31T17:36:44.740+0000] {logging_mixin.py:188} INFO - [2024-03-31T17:36:44.740+0000] {dag.py:3834} INFO - Setting next_dagrun for a_new_filee to 2024-03-30 00:00:00+00:00, run_after=2024-03-31 00:00:00+00:00
[2024-03-31T17:36:44.757+0000] {processor.py:183} INFO - Processing /opt/airflow/dags/aaa.py took 0.130 seconds
[2024-03-31T17:37:14.840+0000] {processor.py:161} INFO - Started process (PID=1617) to work on /opt/airflow/dags/aaa.py
[2024-03-31T17:37:14.843+0000] {processor.py:830} INFO - Processing file /opt/airflow/dags/aaa.py for tasks to queue
[2024-03-31T17:37:14.870+0000] {logging_mixin.py:188} INFO - [2024-03-31T17:37:14.869+0000] {dagbag.py:540} INFO - Filling up the DagBag from /opt/airflow/dags/aaa.py
[2024-03-31T17:37:14.888+0000] {processor.py:840} INFO - DAG(s) 'a_new_filee' retrieved from /opt/airflow/dags/aaa.py
[2024-03-31T17:37:14.903+0000] {logging_mixin.py:188} INFO - [2024-03-31T17:37:14.903+0000] {dag.py:3047} INFO - Sync 1 DAGs
[2024-03-31T17:37:14.917+0000] {logging_mixin.py:188} INFO - [2024-03-31T17:37:14.917+0000] {dag.py:3834} INFO - Setting next_dagrun for a_new_filee to 2024-03-30 00:00:00+00:00, run_after=2024-03-31 00:00:00+00:00
[2024-03-31T17:37:14.925+0000] {processor.py:183} INFO - Processing /opt/airflow/dags/aaa.py took 0.092 seconds
[2024-03-31T17:37:45.153+0000] {processor.py:161} INFO - Started process (PID=1674) to work on /opt/airflow/dags/aaa.py
[2024-03-31T17:37:45.155+0000] {processor.py:830} INFO - Processing file /opt/airflow/dags/aaa.py for tasks to queue
[2024-03-31T17:37:45.160+0000] {logging_mixin.py:188} INFO - [2024-03-31T17:37:45.159+0000] {dagbag.py:540} INFO - Filling up the DagBag from /opt/airflow/dags/aaa.py
[2024-03-31T17:37:45.196+0000] {processor.py:840} INFO - DAG(s) 'a_new_filee' retrieved from /opt/airflow/dags/aaa.py
[2024-03-31T17:37:45.214+0000] {logging_mixin.py:188} INFO - [2024-03-31T17:37:45.214+0000] {dag.py:3047} INFO - Sync 1 DAGs
[2024-03-31T17:37:45.228+0000] {logging_mixin.py:188} INFO - [2024-03-31T17:37:45.228+0000] {dag.py:3834} INFO - Setting next_dagrun for a_new_filee to 2024-03-30 00:00:00+00:00, run_after=2024-03-31 00:00:00+00:00
[2024-03-31T17:37:45.237+0000] {processor.py:183} INFO - Processing /opt/airflow/dags/aaa.py took 0.093 seconds
[2024-03-31T17:38:15.501+0000] {processor.py:161} INFO - Started process (PID=1731) to work on /opt/airflow/dags/aaa.py
[2024-03-31T17:38:15.504+0000] {processor.py:830} INFO - Processing file /opt/airflow/dags/aaa.py for tasks to queue
[2024-03-31T17:38:15.509+0000] {logging_mixin.py:188} INFO - [2024-03-31T17:38:15.508+0000] {dagbag.py:540} INFO - Filling up the DagBag from /opt/airflow/dags/aaa.py
[2024-03-31T17:38:15.525+0000] {processor.py:840} INFO - DAG(s) 'a_new_filee' retrieved from /opt/airflow/dags/aaa.py
[2024-03-31T17:38:15.543+0000] {logging_mixin.py:188} INFO - [2024-03-31T17:38:15.543+0000] {dag.py:3047} INFO - Sync 1 DAGs
[2024-03-31T17:38:15.559+0000] {logging_mixin.py:188} INFO - [2024-03-31T17:38:15.558+0000] {dag.py:3834} INFO - Setting next_dagrun for a_new_filee to 2024-03-30 00:00:00+00:00, run_after=2024-03-31 00:00:00+00:00
[2024-03-31T17:38:15.569+0000] {processor.py:183} INFO - Processing /opt/airflow/dags/aaa.py took 0.075 seconds
[2024-03-31T17:38:45.824+0000] {processor.py:161} INFO - Started process (PID=1788) to work on /opt/airflow/dags/aaa.py
[2024-03-31T17:38:45.826+0000] {processor.py:830} INFO - Processing file /opt/airflow/dags/aaa.py for tasks to queue
[2024-03-31T17:38:45.837+0000] {logging_mixin.py:188} INFO - [2024-03-31T17:38:45.835+0000] {dagbag.py:540} INFO - Filling up the DagBag from /opt/airflow/dags/aaa.py
[2024-03-31T17:38:45.856+0000] {processor.py:840} INFO - DAG(s) 'a_new_filee' retrieved from /opt/airflow/dags/aaa.py
[2024-03-31T17:38:45.872+0000] {logging_mixin.py:188} INFO - [2024-03-31T17:38:45.872+0000] {dag.py:3047} INFO - Sync 1 DAGs
[2024-03-31T17:38:45.885+0000] {logging_mixin.py:188} INFO - [2024-03-31T17:38:45.885+0000] {dag.py:3834} INFO - Setting next_dagrun for a_new_filee to 2024-03-30 00:00:00+00:00, run_after=2024-03-31 00:00:00+00:00
[2024-03-31T17:38:45.894+0000] {processor.py:183} INFO - Processing /opt/airflow/dags/aaa.py took 0.075 seconds
[2024-03-31T17:39:16.036+0000] {processor.py:161} INFO - Started process (PID=1845) to work on /opt/airflow/dags/aaa.py
[2024-03-31T17:39:16.039+0000] {processor.py:830} INFO - Processing file /opt/airflow/dags/aaa.py for tasks to queue
[2024-03-31T17:39:16.042+0000] {logging_mixin.py:188} INFO - [2024-03-31T17:39:16.042+0000] {dagbag.py:540} INFO - Filling up the DagBag from /opt/airflow/dags/aaa.py
[2024-03-31T17:39:16.055+0000] {processor.py:840} INFO - DAG(s) 'a_new_filee' retrieved from /opt/airflow/dags/aaa.py
[2024-03-31T17:39:16.070+0000] {logging_mixin.py:188} INFO - [2024-03-31T17:39:16.070+0000] {dag.py:3047} INFO - Sync 1 DAGs
[2024-03-31T17:39:16.083+0000] {logging_mixin.py:188} INFO - [2024-03-31T17:39:16.083+0000] {dag.py:3834} INFO - Setting next_dagrun for a_new_filee to 2024-03-30 00:00:00+00:00, run_after=2024-03-31 00:00:00+00:00
[2024-03-31T17:39:16.091+0000] {processor.py:183} INFO - Processing /opt/airflow/dags/aaa.py took 0.060 seconds
[2024-03-31T17:39:46.368+0000] {processor.py:161} INFO - Started process (PID=1902) to work on /opt/airflow/dags/aaa.py
[2024-03-31T17:39:46.370+0000] {processor.py:830} INFO - Processing file /opt/airflow/dags/aaa.py for tasks to queue
[2024-03-31T17:39:46.373+0000] {logging_mixin.py:188} INFO - [2024-03-31T17:39:46.372+0000] {dagbag.py:540} INFO - Filling up the DagBag from /opt/airflow/dags/aaa.py
[2024-03-31T17:39:46.388+0000] {processor.py:840} INFO - DAG(s) 'a_new_filee' retrieved from /opt/airflow/dags/aaa.py
[2024-03-31T17:39:46.429+0000] {logging_mixin.py:188} INFO - [2024-03-31T17:39:46.429+0000] {dag.py:3047} INFO - Sync 1 DAGs
[2024-03-31T17:39:46.460+0000] {logging_mixin.py:188} INFO - [2024-03-31T17:39:46.459+0000] {dag.py:3834} INFO - Setting next_dagrun for a_new_filee to 2024-03-30 00:00:00+00:00, run_after=2024-03-31 00:00:00+00:00
[2024-03-31T17:39:46.481+0000] {processor.py:183} INFO - Processing /opt/airflow/dags/aaa.py took 0.117 seconds
[2024-03-31T17:40:16.773+0000] {processor.py:161} INFO - Started process (PID=1959) to work on /opt/airflow/dags/aaa.py
[2024-03-31T17:40:16.775+0000] {processor.py:830} INFO - Processing file /opt/airflow/dags/aaa.py for tasks to queue
[2024-03-31T17:40:16.778+0000] {logging_mixin.py:188} INFO - [2024-03-31T17:40:16.778+0000] {dagbag.py:540} INFO - Filling up the DagBag from /opt/airflow/dags/aaa.py
[2024-03-31T17:40:16.793+0000] {processor.py:840} INFO - DAG(s) 'a_new_filee' retrieved from /opt/airflow/dags/aaa.py
[2024-03-31T17:40:16.831+0000] {logging_mixin.py:188} INFO - [2024-03-31T17:40:16.831+0000] {dag.py:3047} INFO - Sync 1 DAGs
[2024-03-31T17:40:16.846+0000] {logging_mixin.py:188} INFO - [2024-03-31T17:40:16.846+0000] {dag.py:3834} INFO - Setting next_dagrun for a_new_filee to 2024-03-30 00:00:00+00:00, run_after=2024-03-31 00:00:00+00:00
[2024-03-31T17:40:16.858+0000] {processor.py:183} INFO - Processing /opt/airflow/dags/aaa.py took 0.100 seconds
[2024-03-31T17:40:47.085+0000] {processor.py:161} INFO - Started process (PID=2016) to work on /opt/airflow/dags/aaa.py
[2024-03-31T17:40:47.088+0000] {processor.py:830} INFO - Processing file /opt/airflow/dags/aaa.py for tasks to queue
[2024-03-31T17:40:47.092+0000] {logging_mixin.py:188} INFO - [2024-03-31T17:40:47.091+0000] {dagbag.py:540} INFO - Filling up the DagBag from /opt/airflow/dags/aaa.py
[2024-03-31T17:40:47.106+0000] {processor.py:840} INFO - DAG(s) 'a_new_filee' retrieved from /opt/airflow/dags/aaa.py
[2024-03-31T17:40:47.147+0000] {logging_mixin.py:188} INFO - [2024-03-31T17:40:47.147+0000] {dag.py:3047} INFO - Sync 1 DAGs
[2024-03-31T17:40:47.193+0000] {logging_mixin.py:188} INFO - [2024-03-31T17:40:47.192+0000] {dag.py:3834} INFO - Setting next_dagrun for a_new_filee to 2024-03-30 00:00:00+00:00, run_after=2024-03-31 00:00:00+00:00
[2024-03-31T17:40:47.206+0000] {processor.py:183} INFO - Processing /opt/airflow/dags/aaa.py took 0.134 seconds
[2024-03-31T17:41:20.546+0000] {processor.py:161} INFO - Started process (PID=2073) to work on /opt/airflow/dags/aaa.py
[2024-03-31T17:41:20.872+0000] {processor.py:830} INFO - Processing file /opt/airflow/dags/aaa.py for tasks to queue
[2024-03-31T17:41:21.257+0000] {logging_mixin.py:188} INFO - [2024-03-31T17:41:21.117+0000] {dagbag.py:540} INFO - Filling up the DagBag from /opt/airflow/dags/aaa.py
[2024-03-31T17:41:24.771+0000] {processor.py:840} INFO - DAG(s) 'a_new_filee' retrieved from /opt/airflow/dags/aaa.py
[2024-03-31T17:41:26.086+0000] {logging_mixin.py:188} INFO - [2024-03-31T17:41:26.084+0000] {dag.py:3047} INFO - Sync 1 DAGs
[2024-03-31T17:41:28.965+0000] {logging_mixin.py:188} INFO - [2024-03-31T17:41:28.953+0000] {dag.py:3834} INFO - Setting next_dagrun for a_new_filee to 2024-03-30 00:00:00+00:00, run_after=2024-03-31 00:00:00+00:00
[2024-03-31T17:41:29.433+0000] {processor.py:183} INFO - Processing /opt/airflow/dags/aaa.py took 8.923 seconds
[2024-03-31T17:42:14.244+0000] {processor.py:161} INFO - Started process (PID=2129) to work on /opt/airflow/dags/aaa.py
[2024-03-31T17:42:14.251+0000] {processor.py:830} INFO - Processing file /opt/airflow/dags/aaa.py for tasks to queue
[2024-03-31T17:42:14.268+0000] {logging_mixin.py:188} INFO - [2024-03-31T17:42:14.264+0000] {dagbag.py:540} INFO - Filling up the DagBag from /opt/airflow/dags/aaa.py
[2024-03-31T17:42:14.340+0000] {processor.py:840} INFO - DAG(s) 'a_new_filee' retrieved from /opt/airflow/dags/aaa.py
[2024-03-31T17:42:14.468+0000] {logging_mixin.py:188} INFO - [2024-03-31T17:42:14.467+0000] {dag.py:3047} INFO - Sync 1 DAGs
[2024-03-31T17:42:14.598+0000] {logging_mixin.py:188} INFO - [2024-03-31T17:42:14.598+0000] {dag.py:3834} INFO - Setting next_dagrun for a_new_filee to 2024-03-30 00:00:00+00:00, run_after=2024-03-31 00:00:00+00:00
[2024-03-31T17:42:14.682+0000] {processor.py:183} INFO - Processing /opt/airflow/dags/aaa.py took 0.491 seconds
[2024-03-31T17:43:01.009+0000] {processor.py:161} INFO - Started process (PID=2186) to work on /opt/airflow/dags/aaa.py
[2024-03-31T17:43:01.037+0000] {processor.py:830} INFO - Processing file /opt/airflow/dags/aaa.py for tasks to queue
[2024-03-31T17:43:01.065+0000] {logging_mixin.py:188} INFO - [2024-03-31T17:43:01.064+0000] {dagbag.py:540} INFO - Filling up the DagBag from /opt/airflow/dags/aaa.py
[2024-03-31T17:43:01.153+0000] {processor.py:840} INFO - DAG(s) 'a_new_filee' retrieved from /opt/airflow/dags/aaa.py
[2024-03-31T17:43:01.235+0000] {logging_mixin.py:188} INFO - [2024-03-31T17:43:01.234+0000] {dag.py:3047} INFO - Sync 1 DAGs
[2024-03-31T17:43:01.272+0000] {logging_mixin.py:188} INFO - [2024-03-31T17:43:01.272+0000] {dag.py:3834} INFO - Setting next_dagrun for a_new_filee to 2024-03-30 00:00:00+00:00, run_after=2024-03-31 00:00:00+00:00
[2024-03-31T17:43:01.309+0000] {processor.py:183} INFO - Processing /opt/airflow/dags/aaa.py took 0.341 seconds
[2024-03-31T17:43:33.774+0000] {processor.py:161} INFO - Started process (PID=2243) to work on /opt/airflow/dags/aaa.py
[2024-03-31T17:43:33.782+0000] {processor.py:830} INFO - Processing file /opt/airflow/dags/aaa.py for tasks to queue
[2024-03-31T17:43:33.797+0000] {logging_mixin.py:188} INFO - [2024-03-31T17:43:33.796+0000] {dagbag.py:540} INFO - Filling up the DagBag from /opt/airflow/dags/aaa.py
[2024-03-31T17:43:33.867+0000] {processor.py:840} INFO - DAG(s) 'a_new_filee' retrieved from /opt/airflow/dags/aaa.py
[2024-03-31T17:43:33.981+0000] {logging_mixin.py:188} INFO - [2024-03-31T17:43:33.979+0000] {dag.py:3047} INFO - Sync 1 DAGs
[2024-03-31T17:43:34.126+0000] {logging_mixin.py:188} INFO - [2024-03-31T17:43:34.125+0000] {dag.py:3834} INFO - Setting next_dagrun for a_new_filee to 2024-03-30 00:00:00+00:00, run_after=2024-03-31 00:00:00+00:00
[2024-03-31T17:43:34.217+0000] {processor.py:183} INFO - Processing /opt/airflow/dags/aaa.py took 0.558 seconds
[2024-03-31T17:44:04.820+0000] {processor.py:161} INFO - Started process (PID=2300) to work on /opt/airflow/dags/aaa.py
[2024-03-31T17:44:04.825+0000] {processor.py:830} INFO - Processing file /opt/airflow/dags/aaa.py for tasks to queue
[2024-03-31T17:44:04.831+0000] {logging_mixin.py:188} INFO - [2024-03-31T17:44:04.831+0000] {dagbag.py:540} INFO - Filling up the DagBag from /opt/airflow/dags/aaa.py
[2024-03-31T17:44:04.846+0000] {processor.py:840} INFO - DAG(s) 'a_new_filee' retrieved from /opt/airflow/dags/aaa.py
[2024-03-31T17:44:04.875+0000] {logging_mixin.py:188} INFO - [2024-03-31T17:44:04.874+0000] {dag.py:3047} INFO - Sync 1 DAGs
[2024-03-31T17:44:04.911+0000] {logging_mixin.py:188} INFO - [2024-03-31T17:44:04.911+0000] {dag.py:3834} INFO - Setting next_dagrun for a_new_filee to 2024-03-30 00:00:00+00:00, run_after=2024-03-31 00:00:00+00:00
[2024-03-31T17:44:04.922+0000] {processor.py:183} INFO - Processing /opt/airflow/dags/aaa.py took 0.125 seconds
