[2024-03-31T17:12:10.287+0000] {processor.py:161} INFO - Started process (PID=1133) to work on /opt/airflow/dags/data_collect.py
[2024-03-31T17:12:10.287+0000] {processor.py:830} INFO - Processing file /opt/airflow/dags/data_collect.py for tasks to queue
[2024-03-31T17:12:10.291+0000] {logging_mixin.py:188} INFO - [2024-03-31T17:12:10.290+0000] {dagbag.py:540} INFO - Filling up the DagBag from /opt/airflow/dags/data_collect.py
[2024-03-31T17:12:10.297+0000] {processor.py:842} WARNING - No viable dags retrieved from /opt/airflow/dags/data_collect.py
[2024-03-31T17:12:10.316+0000] {processor.py:183} INFO - Processing /opt/airflow/dags/data_collect.py took 0.034 seconds
[2024-03-31T17:12:40.427+0000] {processor.py:161} INFO - Started process (PID=1189) to work on /opt/airflow/dags/data_collect.py
[2024-03-31T17:12:40.428+0000] {processor.py:830} INFO - Processing file /opt/airflow/dags/data_collect.py for tasks to queue
[2024-03-31T17:12:40.431+0000] {logging_mixin.py:188} INFO - [2024-03-31T17:12:40.431+0000] {dagbag.py:540} INFO - Filling up the DagBag from /opt/airflow/dags/data_collect.py
[2024-03-31T17:12:40.435+0000] {processor.py:842} WARNING - No viable dags retrieved from /opt/airflow/dags/data_collect.py
[2024-03-31T17:12:40.449+0000] {processor.py:183} INFO - Processing /opt/airflow/dags/data_collect.py took 0.028 seconds
[2024-03-31T17:13:10.599+0000] {processor.py:161} INFO - Started process (PID=1245) to work on /opt/airflow/dags/data_collect.py
[2024-03-31T17:13:10.601+0000] {processor.py:830} INFO - Processing file /opt/airflow/dags/data_collect.py for tasks to queue
[2024-03-31T17:13:10.604+0000] {logging_mixin.py:188} INFO - [2024-03-31T17:13:10.604+0000] {dagbag.py:540} INFO - Filling up the DagBag from /opt/airflow/dags/data_collect.py
[2024-03-31T17:13:10.608+0000] {processor.py:842} WARNING - No viable dags retrieved from /opt/airflow/dags/data_collect.py
[2024-03-31T17:13:10.637+0000] {processor.py:183} INFO - Processing /opt/airflow/dags/data_collect.py took 0.042 seconds
[2024-03-31T17:13:40.705+0000] {processor.py:161} INFO - Started process (PID=1301) to work on /opt/airflow/dags/data_collect.py
[2024-03-31T17:13:40.707+0000] {processor.py:830} INFO - Processing file /opt/airflow/dags/data_collect.py for tasks to queue
[2024-03-31T17:13:40.710+0000] {logging_mixin.py:188} INFO - [2024-03-31T17:13:40.710+0000] {dagbag.py:540} INFO - Filling up the DagBag from /opt/airflow/dags/data_collect.py
[2024-03-31T17:13:40.715+0000] {processor.py:842} WARNING - No viable dags retrieved from /opt/airflow/dags/data_collect.py
[2024-03-31T17:13:40.732+0000] {processor.py:183} INFO - Processing /opt/airflow/dags/data_collect.py took 0.035 seconds
[2024-03-31T17:14:11.264+0000] {processor.py:161} INFO - Started process (PID=1357) to work on /opt/airflow/dags/data_collect.py
[2024-03-31T17:14:11.266+0000] {processor.py:830} INFO - Processing file /opt/airflow/dags/data_collect.py for tasks to queue
[2024-03-31T17:14:11.268+0000] {logging_mixin.py:188} INFO - [2024-03-31T17:14:11.267+0000] {dagbag.py:540} INFO - Filling up the DagBag from /opt/airflow/dags/data_collect.py
[2024-03-31T17:14:11.271+0000] {processor.py:842} WARNING - No viable dags retrieved from /opt/airflow/dags/data_collect.py
[2024-03-31T17:14:11.281+0000] {processor.py:183} INFO - Processing /opt/airflow/dags/data_collect.py took 0.021 seconds
[2024-03-31T17:14:41.783+0000] {processor.py:161} INFO - Started process (PID=1413) to work on /opt/airflow/dags/data_collect.py
[2024-03-31T17:14:41.787+0000] {processor.py:830} INFO - Processing file /opt/airflow/dags/data_collect.py for tasks to queue
[2024-03-31T17:14:41.799+0000] {logging_mixin.py:188} INFO - [2024-03-31T17:14:41.797+0000] {dagbag.py:540} INFO - Filling up the DagBag from /opt/airflow/dags/data_collect.py
[2024-03-31T17:14:41.811+0000] {processor.py:842} WARNING - No viable dags retrieved from /opt/airflow/dags/data_collect.py
[2024-03-31T17:14:41.841+0000] {processor.py:183} INFO - Processing /opt/airflow/dags/data_collect.py took 0.068 seconds
[2024-03-31T17:14:49.116+0000] {processor.py:161} INFO - Started process (PID=1414) to work on /opt/airflow/dags/data_collect.py
[2024-03-31T17:14:49.118+0000] {processor.py:830} INFO - Processing file /opt/airflow/dags/data_collect.py for tasks to queue
[2024-03-31T17:14:49.122+0000] {logging_mixin.py:188} INFO - [2024-03-31T17:14:49.121+0000] {dagbag.py:540} INFO - Filling up the DagBag from /opt/airflow/dags/data_collect.py
[2024-03-31T17:14:49.136+0000] {logging_mixin.py:188} INFO - [2024-03-31T17:14:49.135+0000] {dagbag.py:329} INFO - File /opt/airflow/dags/data_collect.py assumed to contain no DAGs. Skipping.
[2024-03-31T17:14:49.146+0000] {processor.py:842} WARNING - No viable dags retrieved from /opt/airflow/dags/data_collect.py
[2024-03-31T17:14:49.230+0000] {processor.py:183} INFO - Processing /opt/airflow/dags/data_collect.py took 0.120 seconds
[2024-03-31T17:15:20.073+0000] {processor.py:161} INFO - Started process (PID=1469) to work on /opt/airflow/dags/data_collect.py
[2024-03-31T17:15:20.075+0000] {processor.py:830} INFO - Processing file /opt/airflow/dags/data_collect.py for tasks to queue
[2024-03-31T17:15:20.081+0000] {logging_mixin.py:188} INFO - [2024-03-31T17:15:20.080+0000] {dagbag.py:540} INFO - Filling up the DagBag from /opt/airflow/dags/data_collect.py
[2024-03-31T17:15:20.085+0000] {logging_mixin.py:188} INFO - [2024-03-31T17:15:20.085+0000] {dagbag.py:329} INFO - File /opt/airflow/dags/data_collect.py assumed to contain no DAGs. Skipping.
[2024-03-31T17:15:20.087+0000] {processor.py:842} WARNING - No viable dags retrieved from /opt/airflow/dags/data_collect.py
[2024-03-31T17:15:20.190+0000] {processor.py:183} INFO - Processing /opt/airflow/dags/data_collect.py took 0.125 seconds
[2024-03-31T17:15:50.576+0000] {processor.py:161} INFO - Started process (PID=1525) to work on /opt/airflow/dags/data_collect.py
[2024-03-31T17:15:50.590+0000] {processor.py:830} INFO - Processing file /opt/airflow/dags/data_collect.py for tasks to queue
[2024-03-31T17:15:50.597+0000] {logging_mixin.py:188} INFO - [2024-03-31T17:15:50.596+0000] {dagbag.py:540} INFO - Filling up the DagBag from /opt/airflow/dags/data_collect.py
[2024-03-31T17:15:50.601+0000] {logging_mixin.py:188} INFO - [2024-03-31T17:15:50.601+0000] {dagbag.py:329} INFO - File /opt/airflow/dags/data_collect.py assumed to contain no DAGs. Skipping.
[2024-03-31T17:15:50.602+0000] {processor.py:842} WARNING - No viable dags retrieved from /opt/airflow/dags/data_collect.py
[2024-03-31T17:15:50.623+0000] {processor.py:183} INFO - Processing /opt/airflow/dags/data_collect.py took 0.058 seconds
[2024-03-31T17:16:21.227+0000] {processor.py:161} INFO - Started process (PID=1580) to work on /opt/airflow/dags/data_collect.py
[2024-03-31T17:16:21.229+0000] {processor.py:830} INFO - Processing file /opt/airflow/dags/data_collect.py for tasks to queue
[2024-03-31T17:16:21.232+0000] {logging_mixin.py:188} INFO - [2024-03-31T17:16:21.232+0000] {dagbag.py:540} INFO - Filling up the DagBag from /opt/airflow/dags/data_collect.py
[2024-03-31T17:16:21.234+0000] {logging_mixin.py:188} INFO - [2024-03-31T17:16:21.234+0000] {dagbag.py:329} INFO - File /opt/airflow/dags/data_collect.py assumed to contain no DAGs. Skipping.
[2024-03-31T17:16:21.235+0000] {processor.py:842} WARNING - No viable dags retrieved from /opt/airflow/dags/data_collect.py
[2024-03-31T17:16:21.249+0000] {processor.py:183} INFO - Processing /opt/airflow/dags/data_collect.py took 0.029 seconds
[2024-03-31T17:16:51.459+0000] {processor.py:161} INFO - Started process (PID=1636) to work on /opt/airflow/dags/data_collect.py
[2024-03-31T17:16:51.460+0000] {processor.py:830} INFO - Processing file /opt/airflow/dags/data_collect.py for tasks to queue
[2024-03-31T17:16:51.464+0000] {logging_mixin.py:188} INFO - [2024-03-31T17:16:51.463+0000] {dagbag.py:540} INFO - Filling up the DagBag from /opt/airflow/dags/data_collect.py
[2024-03-31T17:16:51.467+0000] {logging_mixin.py:188} INFO - [2024-03-31T17:16:51.466+0000] {dagbag.py:329} INFO - File /opt/airflow/dags/data_collect.py assumed to contain no DAGs. Skipping.
[2024-03-31T17:16:51.467+0000] {processor.py:842} WARNING - No viable dags retrieved from /opt/airflow/dags/data_collect.py
[2024-03-31T17:16:51.484+0000] {processor.py:183} INFO - Processing /opt/airflow/dags/data_collect.py took 0.032 seconds
[2024-03-31T17:22:11.752+0000] {processor.py:161} INFO - Started process (PID=2239) to work on /opt/airflow/dags/data_collect.py
[2024-03-31T17:22:11.752+0000] {processor.py:830} INFO - Processing file /opt/airflow/dags/data_collect.py for tasks to queue
[2024-03-31T17:22:11.754+0000] {logging_mixin.py:188} INFO - [2024-03-31T17:22:11.754+0000] {dagbag.py:540} INFO - Filling up the DagBag from /opt/airflow/dags/data_collect.py
[2024-03-31T17:22:11.765+0000] {processor.py:840} INFO - DAG(s) 'my_simple_dag' retrieved from /opt/airflow/dags/data_collect.py
[2024-03-31T17:22:11.846+0000] {logging_mixin.py:188} INFO - [2024-03-31T17:22:11.846+0000] {override.py:1769} INFO - Created Permission View: can read on DAG:my_simple_dag
[2024-03-31T17:22:11.850+0000] {logging_mixin.py:188} INFO - [2024-03-31T17:22:11.850+0000] {override.py:1769} INFO - Created Permission View: can delete on DAG:my_simple_dag
[2024-03-31T17:22:11.852+0000] {logging_mixin.py:188} INFO - [2024-03-31T17:22:11.852+0000] {override.py:1769} INFO - Created Permission View: can edit on DAG:my_simple_dag
[2024-03-31T17:22:11.852+0000] {logging_mixin.py:188} INFO - [2024-03-31T17:22:11.852+0000] {dag.py:3047} INFO - Sync 1 DAGs
[2024-03-31T17:22:11.857+0000] {logging_mixin.py:188} INFO - [2024-03-31T17:22:11.857+0000] {dag.py:3069} INFO - Creating ORM DAG for my_simple_dag
[2024-03-31T17:22:11.862+0000] {logging_mixin.py:188} INFO - [2024-03-31T17:22:11.862+0000] {dag.py:3834} INFO - Setting next_dagrun for my_simple_dag to 2024-03-30 00:00:00+00:00, run_after=2024-03-31 00:00:00+00:00
[2024-03-31T17:22:11.869+0000] {processor.py:183} INFO - Processing /opt/airflow/dags/data_collect.py took 0.120 seconds
[2024-03-31T17:23:07.867+0000] {processor.py:161} INFO - Started process (PID=35) to work on /opt/airflow/dags/data_collect.py
[2024-03-31T17:23:07.868+0000] {processor.py:830} INFO - Processing file /opt/airflow/dags/data_collect.py for tasks to queue
[2024-03-31T17:23:07.870+0000] {logging_mixin.py:188} INFO - [2024-03-31T17:23:07.870+0000] {dagbag.py:540} INFO - Filling up the DagBag from /opt/airflow/dags/data_collect.py
[2024-03-31T17:23:07.882+0000] {processor.py:840} INFO - DAG(s) 'my_simple_dag' retrieved from /opt/airflow/dags/data_collect.py
[2024-03-31T17:23:08.075+0000] {logging_mixin.py:188} INFO - [2024-03-31T17:23:08.075+0000] {dag.py:3047} INFO - Sync 1 DAGs
[2024-03-31T17:23:08.105+0000] {logging_mixin.py:188} INFO - [2024-03-31T17:23:08.105+0000] {dag.py:3834} INFO - Setting next_dagrun for my_simple_dag to 2024-03-30 00:00:00+00:00, run_after=2024-03-31 00:00:00+00:00
[2024-03-31T17:23:08.199+0000] {processor.py:183} INFO - Processing /opt/airflow/dags/data_collect.py took 0.335 seconds
[2024-03-31T17:23:38.745+0000] {processor.py:161} INFO - Started process (PID=90) to work on /opt/airflow/dags/data_collect.py
[2024-03-31T17:23:38.750+0000] {processor.py:830} INFO - Processing file /opt/airflow/dags/data_collect.py for tasks to queue
[2024-03-31T17:23:38.754+0000] {logging_mixin.py:188} INFO - [2024-03-31T17:23:38.754+0000] {dagbag.py:540} INFO - Filling up the DagBag from /opt/airflow/dags/data_collect.py
[2024-03-31T17:23:38.770+0000] {processor.py:840} INFO - DAG(s) 'my_simple_dag' retrieved from /opt/airflow/dags/data_collect.py
[2024-03-31T17:23:38.805+0000] {logging_mixin.py:188} INFO - [2024-03-31T17:23:38.804+0000] {dag.py:3047} INFO - Sync 1 DAGs
[2024-03-31T17:23:38.825+0000] {logging_mixin.py:188} INFO - [2024-03-31T17:23:38.825+0000] {dag.py:3834} INFO - Setting next_dagrun for my_simple_dag to 2024-03-30 00:00:00+00:00, run_after=2024-03-31 00:00:00+00:00
[2024-03-31T17:23:38.835+0000] {processor.py:183} INFO - Processing /opt/airflow/dags/data_collect.py took 0.106 seconds
[2024-03-31T17:24:09.133+0000] {processor.py:161} INFO - Started process (PID=145) to work on /opt/airflow/dags/data_collect.py
[2024-03-31T17:24:09.134+0000] {processor.py:830} INFO - Processing file /opt/airflow/dags/data_collect.py for tasks to queue
[2024-03-31T17:24:09.137+0000] {logging_mixin.py:188} INFO - [2024-03-31T17:24:09.137+0000] {dagbag.py:540} INFO - Filling up the DagBag from /opt/airflow/dags/data_collect.py
[2024-03-31T17:24:09.166+0000] {processor.py:840} INFO - DAG(s) 'my_simple_dag' retrieved from /opt/airflow/dags/data_collect.py
[2024-03-31T17:24:09.186+0000] {logging_mixin.py:188} INFO - [2024-03-31T17:24:09.186+0000] {dag.py:3047} INFO - Sync 1 DAGs
[2024-03-31T17:24:09.206+0000] {logging_mixin.py:188} INFO - [2024-03-31T17:24:09.206+0000] {dag.py:3834} INFO - Setting next_dagrun for my_simple_dag to 2024-03-31 00:00:00+00:00, run_after=2024-04-01 00:00:00+00:00
[2024-03-31T17:24:09.215+0000] {processor.py:183} INFO - Processing /opt/airflow/dags/data_collect.py took 0.087 seconds
[2024-03-31T17:24:39.878+0000] {processor.py:161} INFO - Started process (PID=201) to work on /opt/airflow/dags/data_collect.py
[2024-03-31T17:24:39.881+0000] {processor.py:830} INFO - Processing file /opt/airflow/dags/data_collect.py for tasks to queue
[2024-03-31T17:24:39.885+0000] {logging_mixin.py:188} INFO - [2024-03-31T17:24:39.884+0000] {dagbag.py:540} INFO - Filling up the DagBag from /opt/airflow/dags/data_collect.py
[2024-03-31T17:24:39.897+0000] {processor.py:840} INFO - DAG(s) 'my_simple_dag' retrieved from /opt/airflow/dags/data_collect.py
[2024-03-31T17:24:39.935+0000] {logging_mixin.py:188} INFO - [2024-03-31T17:24:39.935+0000] {dag.py:3047} INFO - Sync 1 DAGs
[2024-03-31T17:24:39.959+0000] {logging_mixin.py:188} INFO - [2024-03-31T17:24:39.958+0000] {dag.py:3834} INFO - Setting next_dagrun for my_simple_dag to 2024-03-31 00:00:00+00:00, run_after=2024-04-01 00:00:00+00:00
[2024-03-31T17:24:39.968+0000] {processor.py:183} INFO - Processing /opt/airflow/dags/data_collect.py took 0.096 seconds
[2024-03-31T17:25:10.754+0000] {processor.py:161} INFO - Started process (PID=257) to work on /opt/airflow/dags/data_collect.py
[2024-03-31T17:25:10.756+0000] {processor.py:830} INFO - Processing file /opt/airflow/dags/data_collect.py for tasks to queue
[2024-03-31T17:25:10.759+0000] {logging_mixin.py:188} INFO - [2024-03-31T17:25:10.758+0000] {dagbag.py:540} INFO - Filling up the DagBag from /opt/airflow/dags/data_collect.py
[2024-03-31T17:25:10.770+0000] {processor.py:840} INFO - DAG(s) 'my_simple_dag' retrieved from /opt/airflow/dags/data_collect.py
[2024-03-31T17:25:10.805+0000] {logging_mixin.py:188} INFO - [2024-03-31T17:25:10.805+0000] {dag.py:3047} INFO - Sync 1 DAGs
[2024-03-31T17:25:10.820+0000] {logging_mixin.py:188} INFO - [2024-03-31T17:25:10.820+0000] {dag.py:3834} INFO - Setting next_dagrun for my_simple_dag to 2024-03-31 00:00:00+00:00, run_after=2024-04-01 00:00:00+00:00
[2024-03-31T17:25:10.831+0000] {processor.py:183} INFO - Processing /opt/airflow/dags/data_collect.py took 0.083 seconds
[2024-03-31T17:25:41.033+0000] {processor.py:161} INFO - Started process (PID=313) to work on /opt/airflow/dags/data_collect.py
[2024-03-31T17:25:41.035+0000] {processor.py:830} INFO - Processing file /opt/airflow/dags/data_collect.py for tasks to queue
[2024-03-31T17:25:41.039+0000] {logging_mixin.py:188} INFO - [2024-03-31T17:25:41.038+0000] {dagbag.py:540} INFO - Filling up the DagBag from /opt/airflow/dags/data_collect.py
[2024-03-31T17:25:41.052+0000] {processor.py:840} INFO - DAG(s) 'my_simple_dag' retrieved from /opt/airflow/dags/data_collect.py
[2024-03-31T17:25:41.079+0000] {logging_mixin.py:188} INFO - [2024-03-31T17:25:41.079+0000] {dag.py:3047} INFO - Sync 1 DAGs
[2024-03-31T17:25:41.096+0000] {logging_mixin.py:188} INFO - [2024-03-31T17:25:41.096+0000] {dag.py:3834} INFO - Setting next_dagrun for my_simple_dag to 2024-03-31 00:00:00+00:00, run_after=2024-04-01 00:00:00+00:00
[2024-03-31T17:25:41.105+0000] {processor.py:183} INFO - Processing /opt/airflow/dags/data_collect.py took 0.079 seconds
[2024-03-31T17:26:11.772+0000] {processor.py:161} INFO - Started process (PID=369) to work on /opt/airflow/dags/data_collect.py
[2024-03-31T17:26:11.774+0000] {processor.py:830} INFO - Processing file /opt/airflow/dags/data_collect.py for tasks to queue
[2024-03-31T17:26:11.778+0000] {logging_mixin.py:188} INFO - [2024-03-31T17:26:11.777+0000] {dagbag.py:540} INFO - Filling up the DagBag from /opt/airflow/dags/data_collect.py
[2024-03-31T17:26:11.788+0000] {processor.py:840} INFO - DAG(s) 'my_simple_dag' retrieved from /opt/airflow/dags/data_collect.py
[2024-03-31T17:26:11.804+0000] {logging_mixin.py:188} INFO - [2024-03-31T17:26:11.804+0000] {dag.py:3047} INFO - Sync 1 DAGs
[2024-03-31T17:26:11.828+0000] {logging_mixin.py:188} INFO - [2024-03-31T17:26:11.828+0000] {dag.py:3834} INFO - Setting next_dagrun for my_simple_dag to 2024-03-31 00:00:00+00:00, run_after=2024-04-01 00:00:00+00:00
[2024-03-31T17:26:11.837+0000] {processor.py:183} INFO - Processing /opt/airflow/dags/data_collect.py took 0.070 seconds
[2024-03-31T17:26:42.249+0000] {processor.py:161} INFO - Started process (PID=425) to work on /opt/airflow/dags/data_collect.py
[2024-03-31T17:26:42.250+0000] {processor.py:830} INFO - Processing file /opt/airflow/dags/data_collect.py for tasks to queue
[2024-03-31T17:26:42.253+0000] {logging_mixin.py:188} INFO - [2024-03-31T17:26:42.253+0000] {dagbag.py:540} INFO - Filling up the DagBag from /opt/airflow/dags/data_collect.py
[2024-03-31T17:26:42.266+0000] {processor.py:840} INFO - DAG(s) 'my_simple_dag' retrieved from /opt/airflow/dags/data_collect.py
[2024-03-31T17:26:42.305+0000] {logging_mixin.py:188} INFO - [2024-03-31T17:26:42.305+0000] {dag.py:3047} INFO - Sync 1 DAGs
[2024-03-31T17:26:42.325+0000] {logging_mixin.py:188} INFO - [2024-03-31T17:26:42.325+0000] {dag.py:3834} INFO - Setting next_dagrun for my_simple_dag to 2024-03-31 00:00:00+00:00, run_after=2024-04-01 00:00:00+00:00
[2024-03-31T17:26:42.338+0000] {processor.py:183} INFO - Processing /opt/airflow/dags/data_collect.py took 0.097 seconds
[2024-03-31T17:27:13.271+0000] {processor.py:161} INFO - Started process (PID=481) to work on /opt/airflow/dags/data_collect.py
[2024-03-31T17:27:13.273+0000] {processor.py:830} INFO - Processing file /opt/airflow/dags/data_collect.py for tasks to queue
[2024-03-31T17:27:13.275+0000] {logging_mixin.py:188} INFO - [2024-03-31T17:27:13.275+0000] {dagbag.py:540} INFO - Filling up the DagBag from /opt/airflow/dags/data_collect.py
[2024-03-31T17:27:13.291+0000] {processor.py:840} INFO - DAG(s) 'my_simple_dag' retrieved from /opt/airflow/dags/data_collect.py
[2024-03-31T17:27:13.327+0000] {logging_mixin.py:188} INFO - [2024-03-31T17:27:13.327+0000] {dag.py:3047} INFO - Sync 1 DAGs
[2024-03-31T17:27:13.360+0000] {logging_mixin.py:188} INFO - [2024-03-31T17:27:13.359+0000] {dag.py:3834} INFO - Setting next_dagrun for my_simple_dag to 2024-03-31 00:00:00+00:00, run_after=2024-04-01 00:00:00+00:00
[2024-03-31T17:27:13.383+0000] {processor.py:183} INFO - Processing /opt/airflow/dags/data_collect.py took 0.116 seconds
[2024-03-31T17:27:43.857+0000] {processor.py:161} INFO - Started process (PID=537) to work on /opt/airflow/dags/data_collect.py
[2024-03-31T17:27:43.858+0000] {processor.py:830} INFO - Processing file /opt/airflow/dags/data_collect.py for tasks to queue
[2024-03-31T17:27:43.871+0000] {logging_mixin.py:188} INFO - [2024-03-31T17:27:43.870+0000] {dagbag.py:540} INFO - Filling up the DagBag from /opt/airflow/dags/data_collect.py
[2024-03-31T17:27:43.893+0000] {processor.py:840} INFO - DAG(s) 'my_simple_dag' retrieved from /opt/airflow/dags/data_collect.py
[2024-03-31T17:27:43.914+0000] {logging_mixin.py:188} INFO - [2024-03-31T17:27:43.914+0000] {dag.py:3047} INFO - Sync 1 DAGs
[2024-03-31T17:27:43.929+0000] {logging_mixin.py:188} INFO - [2024-03-31T17:27:43.929+0000] {dag.py:3834} INFO - Setting next_dagrun for my_simple_dag to 2024-03-31 00:00:00+00:00, run_after=2024-04-01 00:00:00+00:00
[2024-03-31T17:27:43.939+0000] {processor.py:183} INFO - Processing /opt/airflow/dags/data_collect.py took 0.088 seconds
[2024-03-31T17:28:14.027+0000] {processor.py:161} INFO - Started process (PID=594) to work on /opt/airflow/dags/data_collect.py
[2024-03-31T17:28:14.029+0000] {processor.py:830} INFO - Processing file /opt/airflow/dags/data_collect.py for tasks to queue
[2024-03-31T17:28:14.039+0000] {logging_mixin.py:188} INFO - [2024-03-31T17:28:14.038+0000] {dagbag.py:540} INFO - Filling up the DagBag from /opt/airflow/dags/data_collect.py
[2024-03-31T17:28:14.053+0000] {processor.py:840} INFO - DAG(s) 'my_simple_dag' retrieved from /opt/airflow/dags/data_collect.py
[2024-03-31T17:28:14.074+0000] {logging_mixin.py:188} INFO - [2024-03-31T17:28:14.074+0000] {dag.py:3047} INFO - Sync 1 DAGs
[2024-03-31T17:28:14.105+0000] {logging_mixin.py:188} INFO - [2024-03-31T17:28:14.104+0000] {dag.py:3834} INFO - Setting next_dagrun for my_simple_dag to 2024-03-31 00:00:00+00:00, run_after=2024-04-01 00:00:00+00:00
[2024-03-31T17:28:14.131+0000] {processor.py:183} INFO - Processing /opt/airflow/dags/data_collect.py took 0.109 seconds
[2024-03-31T17:28:45.004+0000] {processor.py:161} INFO - Started process (PID=651) to work on /opt/airflow/dags/data_collect.py
[2024-03-31T17:28:45.006+0000] {processor.py:830} INFO - Processing file /opt/airflow/dags/data_collect.py for tasks to queue
[2024-03-31T17:28:45.008+0000] {logging_mixin.py:188} INFO - [2024-03-31T17:28:45.008+0000] {dagbag.py:540} INFO - Filling up the DagBag from /opt/airflow/dags/data_collect.py
[2024-03-31T17:28:45.019+0000] {processor.py:840} INFO - DAG(s) 'my_simple_dag' retrieved from /opt/airflow/dags/data_collect.py
[2024-03-31T17:28:45.041+0000] {logging_mixin.py:188} INFO - [2024-03-31T17:28:45.041+0000] {dag.py:3047} INFO - Sync 1 DAGs
[2024-03-31T17:28:45.066+0000] {logging_mixin.py:188} INFO - [2024-03-31T17:28:45.066+0000] {dag.py:3834} INFO - Setting next_dagrun for my_simple_dag to 2024-03-31 00:00:00+00:00, run_after=2024-04-01 00:00:00+00:00
[2024-03-31T17:28:45.078+0000] {processor.py:183} INFO - Processing /opt/airflow/dags/data_collect.py took 0.079 seconds
[2024-03-31T17:29:15.692+0000] {processor.py:161} INFO - Started process (PID=708) to work on /opt/airflow/dags/data_collect.py
[2024-03-31T17:29:15.694+0000] {processor.py:830} INFO - Processing file /opt/airflow/dags/data_collect.py for tasks to queue
[2024-03-31T17:29:15.696+0000] {logging_mixin.py:188} INFO - [2024-03-31T17:29:15.695+0000] {dagbag.py:540} INFO - Filling up the DagBag from /opt/airflow/dags/data_collect.py
[2024-03-31T17:29:15.702+0000] {processor.py:840} INFO - DAG(s) 'my_simple_dag' retrieved from /opt/airflow/dags/data_collect.py
[2024-03-31T17:29:15.719+0000] {logging_mixin.py:188} INFO - [2024-03-31T17:29:15.718+0000] {dag.py:3047} INFO - Sync 1 DAGs
[2024-03-31T17:29:15.732+0000] {logging_mixin.py:188} INFO - [2024-03-31T17:29:15.732+0000] {dag.py:3834} INFO - Setting next_dagrun for my_simple_dag to 2024-03-31 00:00:00+00:00, run_after=2024-04-01 00:00:00+00:00
[2024-03-31T17:29:15.746+0000] {processor.py:183} INFO - Processing /opt/airflow/dags/data_collect.py took 0.057 seconds
[2024-03-31T17:29:46.004+0000] {processor.py:161} INFO - Started process (PID=765) to work on /opt/airflow/dags/data_collect.py
[2024-03-31T17:29:46.005+0000] {processor.py:830} INFO - Processing file /opt/airflow/dags/data_collect.py for tasks to queue
[2024-03-31T17:29:46.008+0000] {logging_mixin.py:188} INFO - [2024-03-31T17:29:46.007+0000] {dagbag.py:540} INFO - Filling up the DagBag from /opt/airflow/dags/data_collect.py
[2024-03-31T17:29:46.017+0000] {processor.py:840} INFO - DAG(s) 'my_simple_dag' retrieved from /opt/airflow/dags/data_collect.py
[2024-03-31T17:29:46.034+0000] {logging_mixin.py:188} INFO - [2024-03-31T17:29:46.034+0000] {dag.py:3047} INFO - Sync 1 DAGs
[2024-03-31T17:29:46.049+0000] {logging_mixin.py:188} INFO - [2024-03-31T17:29:46.049+0000] {dag.py:3834} INFO - Setting next_dagrun for my_simple_dag to 2024-03-31 00:00:00+00:00, run_after=2024-04-01 00:00:00+00:00
[2024-03-31T17:29:46.058+0000] {processor.py:183} INFO - Processing /opt/airflow/dags/data_collect.py took 0.059 seconds
[2024-03-31T17:30:16.412+0000] {processor.py:161} INFO - Started process (PID=822) to work on /opt/airflow/dags/data_collect.py
[2024-03-31T17:30:16.415+0000] {processor.py:830} INFO - Processing file /opt/airflow/dags/data_collect.py for tasks to queue
[2024-03-31T17:30:16.418+0000] {logging_mixin.py:188} INFO - [2024-03-31T17:30:16.417+0000] {dagbag.py:540} INFO - Filling up the DagBag from /opt/airflow/dags/data_collect.py
[2024-03-31T17:30:16.429+0000] {processor.py:840} INFO - DAG(s) 'my_simple_dag' retrieved from /opt/airflow/dags/data_collect.py
[2024-03-31T17:30:16.448+0000] {logging_mixin.py:188} INFO - [2024-03-31T17:30:16.447+0000] {dag.py:3047} INFO - Sync 1 DAGs
[2024-03-31T17:30:16.465+0000] {logging_mixin.py:188} INFO - [2024-03-31T17:30:16.465+0000] {dag.py:3834} INFO - Setting next_dagrun for my_simple_dag to 2024-03-31 00:00:00+00:00, run_after=2024-04-01 00:00:00+00:00
[2024-03-31T17:30:16.475+0000] {processor.py:183} INFO - Processing /opt/airflow/dags/data_collect.py took 0.070 seconds
[2024-03-31T17:30:47.241+0000] {processor.py:161} INFO - Started process (PID=879) to work on /opt/airflow/dags/data_collect.py
[2024-03-31T17:30:47.243+0000] {processor.py:830} INFO - Processing file /opt/airflow/dags/data_collect.py for tasks to queue
[2024-03-31T17:30:47.246+0000] {logging_mixin.py:188} INFO - [2024-03-31T17:30:47.246+0000] {dagbag.py:540} INFO - Filling up the DagBag from /opt/airflow/dags/data_collect.py
[2024-03-31T17:30:47.257+0000] {processor.py:840} INFO - DAG(s) 'my_simple_dag' retrieved from /opt/airflow/dags/data_collect.py
[2024-03-31T17:30:47.275+0000] {logging_mixin.py:188} INFO - [2024-03-31T17:30:47.275+0000] {dag.py:3047} INFO - Sync 1 DAGs
[2024-03-31T17:30:47.292+0000] {logging_mixin.py:188} INFO - [2024-03-31T17:30:47.292+0000] {dag.py:3834} INFO - Setting next_dagrun for my_simple_dag to 2024-03-31 00:00:00+00:00, run_after=2024-04-01 00:00:00+00:00
[2024-03-31T17:30:47.301+0000] {processor.py:183} INFO - Processing /opt/airflow/dags/data_collect.py took 0.065 seconds
[2024-03-31T17:31:17.483+0000] {processor.py:161} INFO - Started process (PID=936) to work on /opt/airflow/dags/data_collect.py
[2024-03-31T17:31:17.485+0000] {processor.py:830} INFO - Processing file /opt/airflow/dags/data_collect.py for tasks to queue
[2024-03-31T17:31:17.488+0000] {logging_mixin.py:188} INFO - [2024-03-31T17:31:17.487+0000] {dagbag.py:540} INFO - Filling up the DagBag from /opt/airflow/dags/data_collect.py
[2024-03-31T17:31:17.497+0000] {processor.py:840} INFO - DAG(s) 'my_simple_dag' retrieved from /opt/airflow/dags/data_collect.py
[2024-03-31T17:31:17.515+0000] {logging_mixin.py:188} INFO - [2024-03-31T17:31:17.514+0000] {dag.py:3047} INFO - Sync 1 DAGs
[2024-03-31T17:31:17.530+0000] {logging_mixin.py:188} INFO - [2024-03-31T17:31:17.530+0000] {dag.py:3834} INFO - Setting next_dagrun for my_simple_dag to 2024-03-31 00:00:00+00:00, run_after=2024-04-01 00:00:00+00:00
[2024-03-31T17:31:17.539+0000] {processor.py:183} INFO - Processing /opt/airflow/dags/data_collect.py took 0.062 seconds
[2024-03-31T17:31:47.664+0000] {processor.py:161} INFO - Started process (PID=993) to work on /opt/airflow/dags/data_collect.py
[2024-03-31T17:31:47.666+0000] {processor.py:830} INFO - Processing file /opt/airflow/dags/data_collect.py for tasks to queue
[2024-03-31T17:31:47.669+0000] {logging_mixin.py:188} INFO - [2024-03-31T17:31:47.668+0000] {dagbag.py:540} INFO - Filling up the DagBag from /opt/airflow/dags/data_collect.py
[2024-03-31T17:31:47.677+0000] {processor.py:840} INFO - DAG(s) 'my_simple_dag' retrieved from /opt/airflow/dags/data_collect.py
[2024-03-31T17:31:47.692+0000] {logging_mixin.py:188} INFO - [2024-03-31T17:31:47.692+0000] {dag.py:3047} INFO - Sync 1 DAGs
[2024-03-31T17:31:47.706+0000] {logging_mixin.py:188} INFO - [2024-03-31T17:31:47.706+0000] {dag.py:3834} INFO - Setting next_dagrun for my_simple_dag to 2024-03-31 00:00:00+00:00, run_after=2024-04-01 00:00:00+00:00
[2024-03-31T17:31:47.714+0000] {processor.py:183} INFO - Processing /opt/airflow/dags/data_collect.py took 0.054 seconds
[2024-03-31T17:32:17.867+0000] {processor.py:161} INFO - Started process (PID=1050) to work on /opt/airflow/dags/data_collect.py
[2024-03-31T17:32:17.869+0000] {processor.py:830} INFO - Processing file /opt/airflow/dags/data_collect.py for tasks to queue
[2024-03-31T17:32:17.872+0000] {logging_mixin.py:188} INFO - [2024-03-31T17:32:17.871+0000] {dagbag.py:540} INFO - Filling up the DagBag from /opt/airflow/dags/data_collect.py
[2024-03-31T17:32:17.880+0000] {processor.py:840} INFO - DAG(s) 'my_simple_dag' retrieved from /opt/airflow/dags/data_collect.py
[2024-03-31T17:32:17.912+0000] {logging_mixin.py:188} INFO - [2024-03-31T17:32:17.912+0000] {dag.py:3047} INFO - Sync 1 DAGs
[2024-03-31T17:32:17.928+0000] {logging_mixin.py:188} INFO - [2024-03-31T17:32:17.928+0000] {dag.py:3834} INFO - Setting next_dagrun for my_simple_dag to 2024-03-31 00:00:00+00:00, run_after=2024-04-01 00:00:00+00:00
[2024-03-31T17:32:17.937+0000] {processor.py:183} INFO - Processing /opt/airflow/dags/data_collect.py took 0.075 seconds
[2024-03-31T17:32:48.249+0000] {processor.py:161} INFO - Started process (PID=1107) to work on /opt/airflow/dags/data_collect.py
[2024-03-31T17:32:48.249+0000] {processor.py:830} INFO - Processing file /opt/airflow/dags/data_collect.py for tasks to queue
[2024-03-31T17:32:48.251+0000] {logging_mixin.py:188} INFO - [2024-03-31T17:32:48.251+0000] {dagbag.py:540} INFO - Filling up the DagBag from /opt/airflow/dags/data_collect.py
[2024-03-31T17:32:48.258+0000] {processor.py:840} INFO - DAG(s) 'my_simple_dag' retrieved from /opt/airflow/dags/data_collect.py
[2024-03-31T17:32:48.273+0000] {logging_mixin.py:188} INFO - [2024-03-31T17:32:48.273+0000] {dag.py:3047} INFO - Sync 1 DAGs
[2024-03-31T17:32:48.302+0000] {logging_mixin.py:188} INFO - [2024-03-31T17:32:48.301+0000] {dag.py:3834} INFO - Setting next_dagrun for my_simple_dag to 2024-03-31 00:00:00+00:00, run_after=2024-04-01 00:00:00+00:00
[2024-03-31T17:32:48.332+0000] {processor.py:183} INFO - Processing /opt/airflow/dags/data_collect.py took 0.087 seconds
[2024-03-31T17:33:18.401+0000] {processor.py:161} INFO - Started process (PID=1164) to work on /opt/airflow/dags/data_collect.py
[2024-03-31T17:33:18.402+0000] {processor.py:830} INFO - Processing file /opt/airflow/dags/data_collect.py for tasks to queue
[2024-03-31T17:33:18.403+0000] {logging_mixin.py:188} INFO - [2024-03-31T17:33:18.403+0000] {dagbag.py:540} INFO - Filling up the DagBag from /opt/airflow/dags/data_collect.py
[2024-03-31T17:33:18.409+0000] {processor.py:840} INFO - DAG(s) 'my_simple_dag' retrieved from /opt/airflow/dags/data_collect.py
[2024-03-31T17:33:18.422+0000] {logging_mixin.py:188} INFO - [2024-03-31T17:33:18.422+0000] {dag.py:3047} INFO - Sync 1 DAGs
[2024-03-31T17:33:18.441+0000] {logging_mixin.py:188} INFO - [2024-03-31T17:33:18.441+0000] {dag.py:3834} INFO - Setting next_dagrun for my_simple_dag to 2024-03-31 00:00:00+00:00, run_after=2024-04-01 00:00:00+00:00
[2024-03-31T17:33:18.450+0000] {processor.py:183} INFO - Processing /opt/airflow/dags/data_collect.py took 0.051 seconds
[2024-03-31T17:33:48.595+0000] {processor.py:161} INFO - Started process (PID=1221) to work on /opt/airflow/dags/data_collect.py
[2024-03-31T17:33:48.596+0000] {processor.py:830} INFO - Processing file /opt/airflow/dags/data_collect.py for tasks to queue
[2024-03-31T17:33:48.599+0000] {logging_mixin.py:188} INFO - [2024-03-31T17:33:48.599+0000] {dagbag.py:540} INFO - Filling up the DagBag from /opt/airflow/dags/data_collect.py
[2024-03-31T17:33:48.610+0000] {processor.py:840} INFO - DAG(s) 'my_simple_dag' retrieved from /opt/airflow/dags/data_collect.py
[2024-03-31T17:33:48.632+0000] {logging_mixin.py:188} INFO - [2024-03-31T17:33:48.632+0000] {dag.py:3047} INFO - Sync 1 DAGs
[2024-03-31T17:33:48.662+0000] {logging_mixin.py:188} INFO - [2024-03-31T17:33:48.662+0000] {dag.py:3834} INFO - Setting next_dagrun for my_simple_dag to 2024-03-31 00:00:00+00:00, run_after=2024-04-01 00:00:00+00:00
[2024-03-31T17:33:48.673+0000] {processor.py:183} INFO - Processing /opt/airflow/dags/data_collect.py took 0.084 seconds
[2024-03-31T17:34:18.879+0000] {processor.py:161} INFO - Started process (PID=1278) to work on /opt/airflow/dags/data_collect.py
[2024-03-31T17:34:18.880+0000] {processor.py:830} INFO - Processing file /opt/airflow/dags/data_collect.py for tasks to queue
[2024-03-31T17:34:18.885+0000] {logging_mixin.py:188} INFO - [2024-03-31T17:34:18.884+0000] {dagbag.py:540} INFO - Filling up the DagBag from /opt/airflow/dags/data_collect.py
[2024-03-31T17:34:18.895+0000] {processor.py:840} INFO - DAG(s) 'my_simple_dag' retrieved from /opt/airflow/dags/data_collect.py
[2024-03-31T17:34:18.913+0000] {logging_mixin.py:188} INFO - [2024-03-31T17:34:18.912+0000] {dag.py:3047} INFO - Sync 1 DAGs
[2024-03-31T17:34:18.930+0000] {logging_mixin.py:188} INFO - [2024-03-31T17:34:18.930+0000] {dag.py:3834} INFO - Setting next_dagrun for my_simple_dag to 2024-03-31 00:00:00+00:00, run_after=2024-04-01 00:00:00+00:00
[2024-03-31T17:34:18.940+0000] {processor.py:183} INFO - Processing /opt/airflow/dags/data_collect.py took 0.068 seconds
[2024-03-31T17:34:49.195+0000] {processor.py:161} INFO - Started process (PID=1335) to work on /opt/airflow/dags/data_collect.py
[2024-03-31T17:34:49.197+0000] {processor.py:830} INFO - Processing file /opt/airflow/dags/data_collect.py for tasks to queue
[2024-03-31T17:34:49.201+0000] {logging_mixin.py:188} INFO - [2024-03-31T17:34:49.200+0000] {dagbag.py:540} INFO - Filling up the DagBag from /opt/airflow/dags/data_collect.py
[2024-03-31T17:34:49.212+0000] {processor.py:840} INFO - DAG(s) 'my_simple_dag' retrieved from /opt/airflow/dags/data_collect.py
[2024-03-31T17:34:49.249+0000] {logging_mixin.py:188} INFO - [2024-03-31T17:34:49.249+0000] {dag.py:3047} INFO - Sync 1 DAGs
[2024-03-31T17:34:49.265+0000] {logging_mixin.py:188} INFO - [2024-03-31T17:34:49.265+0000] {dag.py:3834} INFO - Setting next_dagrun for my_simple_dag to 2024-03-31 00:00:00+00:00, run_after=2024-04-01 00:00:00+00:00
[2024-03-31T17:34:49.274+0000] {processor.py:183} INFO - Processing /opt/airflow/dags/data_collect.py took 0.086 seconds
[2024-03-31T17:35:19.513+0000] {processor.py:161} INFO - Started process (PID=1392) to work on /opt/airflow/dags/data_collect.py
[2024-03-31T17:35:19.515+0000] {processor.py:830} INFO - Processing file /opt/airflow/dags/data_collect.py for tasks to queue
[2024-03-31T17:35:19.518+0000] {logging_mixin.py:188} INFO - [2024-03-31T17:35:19.518+0000] {dagbag.py:540} INFO - Filling up the DagBag from /opt/airflow/dags/data_collect.py
[2024-03-31T17:35:19.526+0000] {processor.py:840} INFO - DAG(s) 'my_simple_dag' retrieved from /opt/airflow/dags/data_collect.py
[2024-03-31T17:35:19.541+0000] {logging_mixin.py:188} INFO - [2024-03-31T17:35:19.540+0000] {dag.py:3047} INFO - Sync 1 DAGs
[2024-03-31T17:35:19.555+0000] {logging_mixin.py:188} INFO - [2024-03-31T17:35:19.555+0000] {dag.py:3834} INFO - Setting next_dagrun for my_simple_dag to 2024-03-31 00:00:00+00:00, run_after=2024-04-01 00:00:00+00:00
[2024-03-31T17:35:19.570+0000] {processor.py:183} INFO - Processing /opt/airflow/dags/data_collect.py took 0.064 seconds
[2024-03-31T17:35:49.646+0000] {processor.py:161} INFO - Started process (PID=1449) to work on /opt/airflow/dags/data_collect.py
[2024-03-31T17:35:49.648+0000] {processor.py:830} INFO - Processing file /opt/airflow/dags/data_collect.py for tasks to queue
[2024-03-31T17:35:49.653+0000] {logging_mixin.py:188} INFO - [2024-03-31T17:35:49.652+0000] {dagbag.py:540} INFO - Filling up the DagBag from /opt/airflow/dags/data_collect.py
[2024-03-31T17:35:49.662+0000] {processor.py:840} INFO - DAG(s) 'my_simple_dag' retrieved from /opt/airflow/dags/data_collect.py
[2024-03-31T17:35:49.677+0000] {logging_mixin.py:188} INFO - [2024-03-31T17:35:49.677+0000] {dag.py:3047} INFO - Sync 1 DAGs
[2024-03-31T17:35:49.689+0000] {logging_mixin.py:188} INFO - [2024-03-31T17:35:49.689+0000] {dag.py:3834} INFO - Setting next_dagrun for my_simple_dag to 2024-03-31 00:00:00+00:00, run_after=2024-04-01 00:00:00+00:00
[2024-03-31T17:35:49.697+0000] {processor.py:183} INFO - Processing /opt/airflow/dags/data_collect.py took 0.058 seconds
[2024-03-31T17:36:19.910+0000] {processor.py:161} INFO - Started process (PID=1506) to work on /opt/airflow/dags/data_collect.py
[2024-03-31T17:36:19.912+0000] {processor.py:830} INFO - Processing file /opt/airflow/dags/data_collect.py for tasks to queue
[2024-03-31T17:36:19.915+0000] {logging_mixin.py:188} INFO - [2024-03-31T17:36:19.914+0000] {dagbag.py:540} INFO - Filling up the DagBag from /opt/airflow/dags/data_collect.py
[2024-03-31T17:36:19.923+0000] {processor.py:840} INFO - DAG(s) 'my_simple_dag' retrieved from /opt/airflow/dags/data_collect.py
[2024-03-31T17:36:19.937+0000] {logging_mixin.py:188} INFO - [2024-03-31T17:36:19.937+0000] {dag.py:3047} INFO - Sync 1 DAGs
[2024-03-31T17:36:19.949+0000] {logging_mixin.py:188} INFO - [2024-03-31T17:36:19.949+0000] {dag.py:3834} INFO - Setting next_dagrun for my_simple_dag to 2024-03-31 00:00:00+00:00, run_after=2024-04-01 00:00:00+00:00
[2024-03-31T17:36:19.956+0000] {processor.py:183} INFO - Processing /opt/airflow/dags/data_collect.py took 0.053 seconds
[2024-03-31T17:36:50.236+0000] {processor.py:161} INFO - Started process (PID=1563) to work on /opt/airflow/dags/data_collect.py
[2024-03-31T17:36:50.238+0000] {processor.py:830} INFO - Processing file /opt/airflow/dags/data_collect.py for tasks to queue
[2024-03-31T17:36:50.242+0000] {logging_mixin.py:188} INFO - [2024-03-31T17:36:50.242+0000] {dagbag.py:540} INFO - Filling up the DagBag from /opt/airflow/dags/data_collect.py
[2024-03-31T17:36:50.254+0000] {processor.py:840} INFO - DAG(s) 'my_simple_dag' retrieved from /opt/airflow/dags/data_collect.py
[2024-03-31T17:36:50.270+0000] {logging_mixin.py:188} INFO - [2024-03-31T17:36:50.269+0000] {dag.py:3047} INFO - Sync 1 DAGs
[2024-03-31T17:36:50.281+0000] {logging_mixin.py:188} INFO - [2024-03-31T17:36:50.281+0000] {dag.py:3834} INFO - Setting next_dagrun for my_simple_dag to 2024-03-31 00:00:00+00:00, run_after=2024-04-01 00:00:00+00:00
[2024-03-31T17:36:50.289+0000] {processor.py:183} INFO - Processing /opt/airflow/dags/data_collect.py took 0.061 seconds
[2024-03-31T17:37:20.340+0000] {processor.py:161} INFO - Started process (PID=1620) to work on /opt/airflow/dags/data_collect.py
[2024-03-31T17:37:20.342+0000] {processor.py:830} INFO - Processing file /opt/airflow/dags/data_collect.py for tasks to queue
[2024-03-31T17:37:20.344+0000] {logging_mixin.py:188} INFO - [2024-03-31T17:37:20.344+0000] {dagbag.py:540} INFO - Filling up the DagBag from /opt/airflow/dags/data_collect.py
[2024-03-31T17:37:20.352+0000] {processor.py:840} INFO - DAG(s) 'my_simple_dag' retrieved from /opt/airflow/dags/data_collect.py
[2024-03-31T17:37:20.368+0000] {logging_mixin.py:188} INFO - [2024-03-31T17:37:20.368+0000] {dag.py:3047} INFO - Sync 1 DAGs
[2024-03-31T17:37:20.381+0000] {logging_mixin.py:188} INFO - [2024-03-31T17:37:20.381+0000] {dag.py:3834} INFO - Setting next_dagrun for my_simple_dag to 2024-03-31 00:00:00+00:00, run_after=2024-04-01 00:00:00+00:00
[2024-03-31T17:37:20.389+0000] {processor.py:183} INFO - Processing /opt/airflow/dags/data_collect.py took 0.055 seconds
[2024-03-31T17:37:50.768+0000] {processor.py:161} INFO - Started process (PID=1677) to work on /opt/airflow/dags/data_collect.py
[2024-03-31T17:37:50.772+0000] {processor.py:830} INFO - Processing file /opt/airflow/dags/data_collect.py for tasks to queue
[2024-03-31T17:37:50.779+0000] {logging_mixin.py:188} INFO - [2024-03-31T17:37:50.778+0000] {dagbag.py:540} INFO - Filling up the DagBag from /opt/airflow/dags/data_collect.py
[2024-03-31T17:37:50.794+0000] {processor.py:840} INFO - DAG(s) 'my_simple_dag' retrieved from /opt/airflow/dags/data_collect.py
[2024-03-31T17:37:50.814+0000] {logging_mixin.py:188} INFO - [2024-03-31T17:37:50.814+0000] {dag.py:3047} INFO - Sync 1 DAGs
[2024-03-31T17:37:50.829+0000] {logging_mixin.py:188} INFO - [2024-03-31T17:37:50.829+0000] {dag.py:3834} INFO - Setting next_dagrun for my_simple_dag to 2024-03-31 00:00:00+00:00, run_after=2024-04-01 00:00:00+00:00
[2024-03-31T17:37:50.836+0000] {processor.py:183} INFO - Processing /opt/airflow/dags/data_collect.py took 0.079 seconds
[2024-03-31T17:38:20.987+0000] {processor.py:161} INFO - Started process (PID=1734) to work on /opt/airflow/dags/data_collect.py
[2024-03-31T17:38:20.988+0000] {processor.py:830} INFO - Processing file /opt/airflow/dags/data_collect.py for tasks to queue
[2024-03-31T17:38:20.990+0000] {logging_mixin.py:188} INFO - [2024-03-31T17:38:20.990+0000] {dagbag.py:540} INFO - Filling up the DagBag from /opt/airflow/dags/data_collect.py
[2024-03-31T17:38:20.999+0000] {processor.py:840} INFO - DAG(s) 'my_simple_dag' retrieved from /opt/airflow/dags/data_collect.py
[2024-03-31T17:38:21.032+0000] {logging_mixin.py:188} INFO - [2024-03-31T17:38:21.032+0000] {dag.py:3047} INFO - Sync 1 DAGs
[2024-03-31T17:38:21.044+0000] {logging_mixin.py:188} INFO - [2024-03-31T17:38:21.044+0000] {dag.py:3834} INFO - Setting next_dagrun for my_simple_dag to 2024-03-31 00:00:00+00:00, run_after=2024-04-01 00:00:00+00:00
[2024-03-31T17:38:21.053+0000] {processor.py:183} INFO - Processing /opt/airflow/dags/data_collect.py took 0.071 seconds
[2024-03-31T17:38:51.365+0000] {processor.py:161} INFO - Started process (PID=1791) to work on /opt/airflow/dags/data_collect.py
[2024-03-31T17:38:51.368+0000] {processor.py:830} INFO - Processing file /opt/airflow/dags/data_collect.py for tasks to queue
[2024-03-31T17:38:51.372+0000] {logging_mixin.py:188} INFO - [2024-03-31T17:38:51.372+0000] {dagbag.py:540} INFO - Filling up the DagBag from /opt/airflow/dags/data_collect.py
[2024-03-31T17:38:51.401+0000] {processor.py:840} INFO - DAG(s) 'my_simple_dag' retrieved from /opt/airflow/dags/data_collect.py
[2024-03-31T17:38:51.424+0000] {logging_mixin.py:188} INFO - [2024-03-31T17:38:51.424+0000] {dag.py:3047} INFO - Sync 1 DAGs
[2024-03-31T17:38:51.438+0000] {logging_mixin.py:188} INFO - [2024-03-31T17:38:51.438+0000] {dag.py:3834} INFO - Setting next_dagrun for my_simple_dag to 2024-03-31 00:00:00+00:00, run_after=2024-04-01 00:00:00+00:00
[2024-03-31T17:38:51.447+0000] {processor.py:183} INFO - Processing /opt/airflow/dags/data_collect.py took 0.092 seconds
[2024-03-31T17:39:21.645+0000] {processor.py:161} INFO - Started process (PID=1848) to work on /opt/airflow/dags/data_collect.py
[2024-03-31T17:39:21.654+0000] {processor.py:830} INFO - Processing file /opt/airflow/dags/data_collect.py for tasks to queue
[2024-03-31T17:39:21.666+0000] {logging_mixin.py:188} INFO - [2024-03-31T17:39:21.664+0000] {dagbag.py:540} INFO - Filling up the DagBag from /opt/airflow/dags/data_collect.py
[2024-03-31T17:39:21.691+0000] {processor.py:840} INFO - DAG(s) 'my_simple_dag' retrieved from /opt/airflow/dags/data_collect.py
[2024-03-31T17:39:21.705+0000] {logging_mixin.py:188} INFO - [2024-03-31T17:39:21.705+0000] {dag.py:3047} INFO - Sync 1 DAGs
[2024-03-31T17:39:21.718+0000] {logging_mixin.py:188} INFO - [2024-03-31T17:39:21.718+0000] {dag.py:3834} INFO - Setting next_dagrun for my_simple_dag to 2024-03-31 00:00:00+00:00, run_after=2024-04-01 00:00:00+00:00
[2024-03-31T17:39:21.727+0000] {processor.py:183} INFO - Processing /opt/airflow/dags/data_collect.py took 0.092 seconds
[2024-03-31T17:39:52.085+0000] {processor.py:161} INFO - Started process (PID=1905) to work on /opt/airflow/dags/data_collect.py
[2024-03-31T17:39:52.087+0000] {processor.py:830} INFO - Processing file /opt/airflow/dags/data_collect.py for tasks to queue
[2024-03-31T17:39:52.088+0000] {logging_mixin.py:188} INFO - [2024-03-31T17:39:52.088+0000] {dagbag.py:540} INFO - Filling up the DagBag from /opt/airflow/dags/data_collect.py
[2024-03-31T17:39:52.098+0000] {processor.py:840} INFO - DAG(s) 'my_simple_dag' retrieved from /opt/airflow/dags/data_collect.py
[2024-03-31T17:39:52.110+0000] {logging_mixin.py:188} INFO - [2024-03-31T17:39:52.109+0000] {dag.py:3047} INFO - Sync 1 DAGs
[2024-03-31T17:39:52.121+0000] {logging_mixin.py:188} INFO - [2024-03-31T17:39:52.121+0000] {dag.py:3834} INFO - Setting next_dagrun for my_simple_dag to 2024-03-31 00:00:00+00:00, run_after=2024-04-01 00:00:00+00:00
[2024-03-31T17:39:52.129+0000] {processor.py:183} INFO - Processing /opt/airflow/dags/data_collect.py took 0.050 seconds
[2024-03-31T17:40:22.881+0000] {processor.py:161} INFO - Started process (PID=1960) to work on /opt/airflow/dags/data_collect.py
[2024-03-31T17:40:22.883+0000] {processor.py:830} INFO - Processing file /opt/airflow/dags/data_collect.py for tasks to queue
[2024-03-31T17:40:22.886+0000] {logging_mixin.py:188} INFO - [2024-03-31T17:40:22.885+0000] {dagbag.py:540} INFO - Filling up the DagBag from /opt/airflow/dags/data_collect.py
[2024-03-31T17:40:22.894+0000] {processor.py:840} INFO - DAG(s) 'my_simple_dag' retrieved from /opt/airflow/dags/data_collect.py
[2024-03-31T17:40:22.912+0000] {logging_mixin.py:188} INFO - [2024-03-31T17:40:22.912+0000] {dag.py:3047} INFO - Sync 1 DAGs
[2024-03-31T17:40:22.938+0000] {logging_mixin.py:188} INFO - [2024-03-31T17:40:22.938+0000] {dag.py:3834} INFO - Setting next_dagrun for my_simple_dag to 2024-03-31 00:00:00+00:00, run_after=2024-04-01 00:00:00+00:00
[2024-03-31T17:40:22.948+0000] {processor.py:183} INFO - Processing /opt/airflow/dags/data_collect.py took 0.077 seconds
[2024-03-31T17:40:53.200+0000] {processor.py:161} INFO - Started process (PID=2017) to work on /opt/airflow/dags/data_collect.py
[2024-03-31T17:40:53.202+0000] {processor.py:830} INFO - Processing file /opt/airflow/dags/data_collect.py for tasks to queue
[2024-03-31T17:40:53.204+0000] {logging_mixin.py:188} INFO - [2024-03-31T17:40:53.204+0000] {dagbag.py:540} INFO - Filling up the DagBag from /opt/airflow/dags/data_collect.py
[2024-03-31T17:40:53.213+0000] {processor.py:840} INFO - DAG(s) 'my_simple_dag' retrieved from /opt/airflow/dags/data_collect.py
[2024-03-31T17:40:53.227+0000] {logging_mixin.py:188} INFO - [2024-03-31T17:40:53.227+0000] {dag.py:3047} INFO - Sync 1 DAGs
[2024-03-31T17:40:53.241+0000] {logging_mixin.py:188} INFO - [2024-03-31T17:40:53.241+0000] {dag.py:3834} INFO - Setting next_dagrun for my_simple_dag to 2024-03-31 00:00:00+00:00, run_after=2024-04-01 00:00:00+00:00
[2024-03-31T17:40:53.253+0000] {processor.py:183} INFO - Processing /opt/airflow/dags/data_collect.py took 0.065 seconds
[2024-03-31T17:41:25.826+0000] {processor.py:161} INFO - Started process (PID=2074) to work on /opt/airflow/dags/data_collect.py
[2024-03-31T17:41:25.837+0000] {processor.py:830} INFO - Processing file /opt/airflow/dags/data_collect.py for tasks to queue
[2024-03-31T17:41:25.971+0000] {logging_mixin.py:188} INFO - [2024-03-31T17:41:25.952+0000] {dagbag.py:540} INFO - Filling up the DagBag from /opt/airflow/dags/data_collect.py
[2024-03-31T17:41:26.808+0000] {processor.py:840} INFO - DAG(s) 'my_simple_dag' retrieved from /opt/airflow/dags/data_collect.py
[2024-03-31T17:41:29.047+0000] {logging_mixin.py:188} INFO - [2024-03-31T17:41:29.046+0000] {dag.py:3047} INFO - Sync 1 DAGs
[2024-03-31T17:41:29.412+0000] {logging_mixin.py:188} INFO - [2024-03-31T17:41:29.409+0000] {dag.py:3834} INFO - Setting next_dagrun for my_simple_dag to 2024-03-31 00:00:00+00:00, run_after=2024-04-01 00:00:00+00:00
[2024-03-31T17:41:29.586+0000] {processor.py:183} INFO - Processing /opt/airflow/dags/data_collect.py took 3.796 seconds
[2024-03-31T17:42:14.249+0000] {processor.py:161} INFO - Started process (PID=2130) to work on /opt/airflow/dags/data_collect.py
[2024-03-31T17:42:14.256+0000] {processor.py:830} INFO - Processing file /opt/airflow/dags/data_collect.py for tasks to queue
[2024-03-31T17:42:14.271+0000] {logging_mixin.py:188} INFO - [2024-03-31T17:42:14.269+0000] {dagbag.py:540} INFO - Filling up the DagBag from /opt/airflow/dags/data_collect.py
[2024-03-31T17:42:14.340+0000] {processor.py:840} INFO - DAG(s) 'my_simple_dag' retrieved from /opt/airflow/dags/data_collect.py
[2024-03-31T17:42:14.468+0000] {logging_mixin.py:188} INFO - [2024-03-31T17:42:14.467+0000] {dag.py:3047} INFO - Sync 1 DAGs
[2024-03-31T17:42:14.600+0000] {logging_mixin.py:188} INFO - [2024-03-31T17:42:14.599+0000] {dag.py:3834} INFO - Setting next_dagrun for my_simple_dag to 2024-03-31 00:00:00+00:00, run_after=2024-04-01 00:00:00+00:00
[2024-03-31T17:42:14.682+0000] {processor.py:183} INFO - Processing /opt/airflow/dags/data_collect.py took 0.463 seconds
[2024-03-31T17:43:01.099+0000] {processor.py:161} INFO - Started process (PID=2187) to work on /opt/airflow/dags/data_collect.py
[2024-03-31T17:43:01.121+0000] {processor.py:830} INFO - Processing file /opt/airflow/dags/data_collect.py for tasks to queue
[2024-03-31T17:43:01.132+0000] {logging_mixin.py:188} INFO - [2024-03-31T17:43:01.131+0000] {dagbag.py:540} INFO - Filling up the DagBag from /opt/airflow/dags/data_collect.py
[2024-03-31T17:43:01.162+0000] {processor.py:840} INFO - DAG(s) 'my_simple_dag' retrieved from /opt/airflow/dags/data_collect.py
[2024-03-31T17:43:01.235+0000] {logging_mixin.py:188} INFO - [2024-03-31T17:43:01.234+0000] {dag.py:3047} INFO - Sync 1 DAGs
[2024-03-31T17:43:01.273+0000] {logging_mixin.py:188} INFO - [2024-03-31T17:43:01.273+0000] {dag.py:3834} INFO - Setting next_dagrun for my_simple_dag to 2024-03-31 00:00:00+00:00, run_after=2024-04-01 00:00:00+00:00
[2024-03-31T17:43:01.309+0000] {processor.py:183} INFO - Processing /opt/airflow/dags/data_collect.py took 0.214 seconds
[2024-03-31T17:43:33.787+0000] {processor.py:161} INFO - Started process (PID=2244) to work on /opt/airflow/dags/data_collect.py
[2024-03-31T17:43:33.794+0000] {processor.py:830} INFO - Processing file /opt/airflow/dags/data_collect.py for tasks to queue
[2024-03-31T17:43:33.811+0000] {logging_mixin.py:188} INFO - [2024-03-31T17:43:33.808+0000] {dagbag.py:540} INFO - Filling up the DagBag from /opt/airflow/dags/data_collect.py
[2024-03-31T17:43:33.867+0000] {processor.py:840} INFO - DAG(s) 'my_simple_dag' retrieved from /opt/airflow/dags/data_collect.py
[2024-03-31T17:43:33.979+0000] {logging_mixin.py:188} INFO - [2024-03-31T17:43:33.979+0000] {dag.py:3047} INFO - Sync 1 DAGs
[2024-03-31T17:43:34.129+0000] {logging_mixin.py:188} INFO - [2024-03-31T17:43:34.128+0000] {dag.py:3834} INFO - Setting next_dagrun for my_simple_dag to 2024-03-31 00:00:00+00:00, run_after=2024-04-01 00:00:00+00:00
[2024-03-31T17:43:34.219+0000] {processor.py:183} INFO - Processing /opt/airflow/dags/data_collect.py took 0.458 seconds
[2024-03-31T17:44:04.826+0000] {processor.py:161} INFO - Started process (PID=2301) to work on /opt/airflow/dags/data_collect.py
[2024-03-31T17:44:04.829+0000] {processor.py:830} INFO - Processing file /opt/airflow/dags/data_collect.py for tasks to queue
[2024-03-31T17:44:04.833+0000] {logging_mixin.py:188} INFO - [2024-03-31T17:44:04.832+0000] {dagbag.py:540} INFO - Filling up the DagBag from /opt/airflow/dags/data_collect.py
[2024-03-31T17:44:04.846+0000] {processor.py:840} INFO - DAG(s) 'my_simple_dag' retrieved from /opt/airflow/dags/data_collect.py
[2024-03-31T17:44:04.875+0000] {logging_mixin.py:188} INFO - [2024-03-31T17:44:04.874+0000] {dag.py:3047} INFO - Sync 1 DAGs
[2024-03-31T17:44:04.911+0000] {logging_mixin.py:188} INFO - [2024-03-31T17:44:04.911+0000] {dag.py:3834} INFO - Setting next_dagrun for my_simple_dag to 2024-03-31 00:00:00+00:00, run_after=2024-04-01 00:00:00+00:00
[2024-03-31T17:44:04.922+0000] {processor.py:183} INFO - Processing /opt/airflow/dags/data_collect.py took 0.109 seconds
